{"/Users/kevinbausch/Desktop/GIT/Dev-academy-bootcamp/CinematicUniverse/client/actions/starwars.js": {"path":"/Users/kevinbausch/Desktop/GIT/Dev-academy-bootcamp/CinematicUniverse/client/actions/starwars.js","statementMap":{"0":{"start":{"line":3,"column":28},"end":{"line":3,"column":42}},"1":{"start":{"line":6,"column":2},"end":{"line":9,"column":3}},"2":{"start":{"line":13,"column":2},"end":{"line":19,"column":3}},"3":{"start":{"line":14,"column":4},"end":{"line":18,"column":8}},"4":{"start":{"line":16,"column":8},"end":{"line":16,"column":43}},"5":{"start":{"line":17,"column":8},"end":{"line":17,"column":19}}},"fnMap":{"0":{"name":"setStarWars","decl":{"start":{"line":5,"column":16},"end":{"line":5,"column":27}},"loc":{"start":{"line":5,"column":39},"end":{"line":10,"column":1}},"line":5},"1":{"name":"fetchStarWars","decl":{"start":{"line":12,"column":16},"end":{"line":12,"column":29}},"loc":{"start":{"line":12,"column":33},"end":{"line":20,"column":1}},"line":12},"2":{"name":"(anonymous_2)","decl":{"start":{"line":13,"column":9},"end":{"line":13,"column":10}},"loc":{"start":{"line":13,"column":21},"end":{"line":19,"column":3}},"line":13},"3":{"name":"(anonymous_3)","decl":{"start":{"line":15,"column":12},"end":{"line":15,"column":13}},"loc":{"start":{"line":15,"column":19},"end":{"line":18,"column":7}},"line":15}},"branchMap":{},"s":{"0":1,"1":1,"2":1,"3":1,"4":1,"5":1},"f":{"0":1,"1":1,"2":1,"3":1},"b":{},"_coverageSchema":"1a1c01bbd47fc00a2c39e90264f33305004495a9","hash":"7d7bb0671ae86e205f7a863179a1b6a5b3827bee"}
,"/Users/kevinbausch/Desktop/GIT/Dev-academy-bootcamp/CinematicUniverse/client/apis/starwars.js": {"path":"/Users/kevinbausch/Desktop/GIT/Dev-academy-bootcamp/CinematicUniverse/client/apis/starwars.js","statementMap":{"0":{"start":{"line":3,"column":16},"end":{"line":3,"column":25}},"1":{"start":{"line":6,"column":2},"end":{"line":9,"column":6}},"2":{"start":{"line":8,"column":6},"end":{"line":8,"column":21}}},"fnMap":{"0":{"name":"getStarWars","decl":{"start":{"line":5,"column":16},"end":{"line":5,"column":27}},"loc":{"start":{"line":5,"column":31},"end":{"line":10,"column":1}},"line":5},"1":{"name":"(anonymous_1)","decl":{"start":{"line":7,"column":10},"end":{"line":7,"column":11}},"loc":{"start":{"line":7,"column":17},"end":{"line":9,"column":5}},"line":7}},"branchMap":{},"s":{"0":2,"1":1,"2":1},"f":{"0":1,"1":1},"b":{},"_coverageSchema":"1a1c01bbd47fc00a2c39e90264f33305004495a9","hash":"5222cf292ab9b664a3ceb60475971756d294252d"}
}
