{"/home/chrisjrh/Bootcamp/FinalProject/CinematicUniverse/client/auth0.js": {"path":"/home/chrisjrh/Bootcamp/FinalProject/CinematicUniverse/client/auth0.js","statementMap":{"0":{"start":{"line":5,"column":60},"end":{"line":5,"column":70}},"1":{"start":{"line":7,"column":2},"end":{"line":19,"column":3}},"2":{"start":{"line":8,"column":4},"end":{"line":18,"column":5}},"3":{"start":{"line":9,"column":20},"end":{"line":9,"column":50}},"4":{"start":{"line":10,"column":25},"end":{"line":14,"column":7}},"5":{"start":{"line":15,"column":6},"end":{"line":15,"column":45}},"6":{"start":{"line":17,"column":6},"end":{"line":17,"column":24}}},"fnMap":{"0":{"name":"cacheUser","decl":{"start":{"line":4,"column":22},"end":{"line":4,"column":31}},"loc":{"start":{"line":4,"column":50},"end":{"line":20,"column":1}},"line":4}},"branchMap":{"0":{"loc":{"start":{"line":7,"column":2},"end":{"line":19,"column":3}},"type":"if","locations":[{"start":{"line":7,"column":2},"end":{"line":19,"column":3}},{"start":{"line":7,"column":2},"end":{"line":19,"column":3}}],"line":7},"1":{"loc":{"start":{"line":7,"column":6},"end":{"line":7,"column":38}},"type":"binary-expr","locations":[{"start":{"line":7,"column":6},"end":{"line":7,"column":21}},{"start":{"line":7,"column":25},"end":{"line":7,"column":38}}],"line":7}},"s":{"0":0,"1":0,"2":0,"3":0,"4":0,"5":0,"6":0},"f":{"0":0},"b":{"0":[0,0],"1":[0,0]},"_coverageSchema":"1a1c01bbd47fc00a2c39e90264f33305004495a9","hash":"2eb96d1590601adcb7d9c46d01f5654b6425439f"}
,"/home/chrisjrh/Bootcamp/FinalProject/CinematicUniverse/client/store.js": {"path":"/home/chrisjrh/Bootcamp/FinalProject/CinematicUniverse/client/store.js","statementMap":{"0":{"start":{"line":5,"column":25},"end":{"line":5,"column":79}},"1":{"start":{"line":6,"column":14},"end":{"line":6,"column":77}}},"fnMap":{},"branchMap":{"0":{"loc":{"start":{"line":5,"column":25},"end":{"line":5,"column":79}},"type":"binary-expr","locations":[{"start":{"line":5,"column":25},"end":{"line":5,"column":68}},{"start":{"line":5,"column":72},"end":{"line":5,"column":79}}],"line":5}},"s":{"0":1,"1":1},"f":{},"b":{"0":[1,1]},"_coverageSchema":"1a1c01bbd47fc00a2c39e90264f33305004495a9","hash":"a74012f0a2f14629ffd91d23821996e020d7a7e4"}
,"/home/chrisjrh/Bootcamp/FinalProject/CinematicUniverse/client/actions/index.js": {"path":"/home/chrisjrh/Bootcamp/FinalProject/CinematicUniverse/client/actions/index.js","statementMap":{},"fnMap":{},"branchMap":{},"s":{},"f":{},"b":{},"_coverageSchema":"1a1c01bbd47fc00a2c39e90264f33305004495a9","hash":"15d9c0d2ba7e930c1c635e55ea0c3fcd098dba07"}
,"/home/chrisjrh/Bootcamp/FinalProject/CinematicUniverse/client/actions/marvel.js": {"path":"/home/chrisjrh/Bootcamp/FinalProject/CinematicUniverse/client/actions/marvel.js","statementMap":{"0":{"start":{"line":3,"column":26},"end":{"line":3,"column":38}},"1":{"start":{"line":6,"column":2},"end":{"line":9,"column":3}},"2":{"start":{"line":13,"column":2},"end":{"line":19,"column":3}},"3":{"start":{"line":14,"column":4},"end":{"line":18,"column":8}},"4":{"start":{"line":16,"column":8},"end":{"line":16,"column":39}},"5":{"start":{"line":17,"column":8},"end":{"line":17,"column":19}}},"fnMap":{"0":{"name":"setMarvel","decl":{"start":{"line":5,"column":16},"end":{"line":5,"column":25}},"loc":{"start":{"line":5,"column":35},"end":{"line":10,"column":1}},"line":5},"1":{"name":"fetchMarvel","decl":{"start":{"line":12,"column":16},"end":{"line":12,"column":27}},"loc":{"start":{"line":12,"column":31},"end":{"line":20,"column":1}},"line":12},"2":{"name":"(anonymous_2)","decl":{"start":{"line":13,"column":9},"end":{"line":13,"column":10}},"loc":{"start":{"line":13,"column":21},"end":{"line":19,"column":3}},"line":13},"3":{"name":"(anonymous_3)","decl":{"start":{"line":15,"column":12},"end":{"line":15,"column":13}},"loc":{"start":{"line":15,"column":19},"end":{"line":18,"column":7}},"line":15}},"branchMap":{},"s":{"0":5,"1":2,"2":1,"3":1,"4":1,"5":1},"f":{"0":2,"1":1,"2":1,"3":1},"b":{},"_coverageSchema":"1a1c01bbd47fc00a2c39e90264f33305004495a9","hash":"0012065753e5ba7266355ec206cf778fd4b2b835"}
,"/home/chrisjrh/Bootcamp/FinalProject/CinematicUniverse/client/actions/starwars.js": {"path":"/home/chrisjrh/Bootcamp/FinalProject/CinematicUniverse/client/actions/starwars.js","statementMap":{"0":{"start":{"line":3,"column":28},"end":{"line":3,"column":42}},"1":{"start":{"line":6,"column":2},"end":{"line":9,"column":3}},"2":{"start":{"line":13,"column":2},"end":{"line":19,"column":3}},"3":{"start":{"line":14,"column":4},"end":{"line":18,"column":8}},"4":{"start":{"line":16,"column":8},"end":{"line":16,"column":43}},"5":{"start":{"line":17,"column":8},"end":{"line":17,"column":19}}},"fnMap":{"0":{"name":"setStarWars","decl":{"start":{"line":5,"column":16},"end":{"line":5,"column":27}},"loc":{"start":{"line":5,"column":39},"end":{"line":10,"column":1}},"line":5},"1":{"name":"fetchStarWars","decl":{"start":{"line":12,"column":16},"end":{"line":12,"column":29}},"loc":{"start":{"line":12,"column":33},"end":{"line":20,"column":1}},"line":12},"2":{"name":"(anonymous_2)","decl":{"start":{"line":13,"column":9},"end":{"line":13,"column":10}},"loc":{"start":{"line":13,"column":21},"end":{"line":19,"column":3}},"line":13},"3":{"name":"(anonymous_3)","decl":{"start":{"line":15,"column":12},"end":{"line":15,"column":13}},"loc":{"start":{"line":15,"column":19},"end":{"line":18,"column":7}},"line":15}},"branchMap":{},"s":{"0":6,"1":2,"2":1,"3":1,"4":1,"5":1},"f":{"0":2,"1":1,"2":1,"3":1},"b":{},"_coverageSchema":"1a1c01bbd47fc00a2c39e90264f33305004495a9","hash":"289d1184dadf559182e3ecae64c4a3f7986204ab"}
,"/home/chrisjrh/Bootcamp/FinalProject/CinematicUniverse/client/actions/userauth.js": {"path":"/home/chrisjrh/Bootcamp/FinalProject/CinematicUniverse/client/actions/userauth.js","statementMap":{"0":{"start":{"line":3,"column":24},"end":{"line":3,"column":34}},"1":{"start":{"line":4,"column":26},"end":{"line":4,"column":38}},"2":{"start":{"line":7,"column":2},"end":{"line":10,"column":3}},"3":{"start":{"line":14,"column":2},"end":{"line":16,"column":3}},"4":{"start":{"line":20,"column":2},"end":{"line":27,"column":3}},"5":{"start":{"line":21,"column":4},"end":{"line":26,"column":5}},"6":{"start":{"line":22,"column":6},"end":{"line":22,"column":25}},"7":{"start":{"line":23,"column":6},"end":{"line":23,"column":29}},"8":{"start":{"line":25,"column":6},"end":{"line":25,"column":27}}},"fnMap":{"0":{"name":"setUser","decl":{"start":{"line":6,"column":16},"end":{"line":6,"column":23}},"loc":{"start":{"line":6,"column":31},"end":{"line":11,"column":1}},"line":6},"1":{"name":"clearUser","decl":{"start":{"line":13,"column":16},"end":{"line":13,"column":25}},"loc":{"start":{"line":13,"column":29},"end":{"line":17,"column":1}},"line":13},"2":{"name":"handleLogin","decl":{"start":{"line":19,"column":16},"end":{"line":19,"column":27}},"loc":{"start":{"line":19,"column":35},"end":{"line":28,"column":1}},"line":19},"3":{"name":"(anonymous_3)","decl":{"start":{"line":20,"column":9},"end":{"line":20,"column":10}},"loc":{"start":{"line":20,"column":29},"end":{"line":27,"column":3}},"line":20}},"branchMap":{},"s":{"0":2,"1":2,"2":0,"3":0,"4":0,"5":0,"6":0,"7":0,"8":0},"f":{"0":0,"1":0,"2":0,"3":0},"b":{},"_coverageSchema":"1a1c01bbd47fc00a2c39e90264f33305004495a9","hash":"cc0a4078da995869658fe4a67c2c92068b2a915d"}
,"/home/chrisjrh/Bootcamp/FinalProject/CinematicUniverse/client/actions/watchlist.js": {"path":"/home/chrisjrh/Bootcamp/FinalProject/CinematicUniverse/client/actions/watchlist.js","statementMap":{"0":{"start":{"line":3,"column":29},"end":{"line":3,"column":44}},"1":{"start":{"line":4,"column":29},"end":{"line":4,"column":44}},"2":{"start":{"line":5,"column":32},"end":{"line":5,"column":50}},"3":{"start":{"line":8,"column":2},"end":{"line":11,"column":3}},"4":{"start":{"line":15,"column":2},"end":{"line":22,"column":3}},"5":{"start":{"line":16,"column":18},"end":{"line":16,"column":39}},"6":{"start":{"line":17,"column":4},"end":{"line":21,"column":8}},"7":{"start":{"line":19,"column":8},"end":{"line":19,"column":41}},"8":{"start":{"line":20,"column":8},"end":{"line":20,"column":19}},"9":{"start":{"line":26,"column":2},"end":{"line":33,"column":3}},"10":{"start":{"line":27,"column":18},"end":{"line":27,"column":39}},"11":{"start":{"line":28,"column":4},"end":{"line":32,"column":8}},"12":{"start":{"line":30,"column":8},"end":{"line":30,"column":41}},"13":{"start":{"line":31,"column":8},"end":{"line":31,"column":19}},"14":{"start":{"line":36,"column":2},"end":{"line":39,"column":3}},"15":{"start":{"line":43,"column":2},"end":{"line":51,"column":3}},"16":{"start":{"line":44,"column":21},"end":{"line":44,"column":31}},"17":{"start":{"line":45,"column":18},"end":{"line":45,"column":29}},"18":{"start":{"line":46,"column":4},"end":{"line":50,"column":8}},"19":{"start":{"line":48,"column":8},"end":{"line":48,"column":41}},"20":{"start":{"line":49,"column":8},"end":{"line":49,"column":19}}},"fnMap":{"0":{"name":"setWatchlist","decl":{"start":{"line":7,"column":16},"end":{"line":7,"column":28}},"loc":{"start":{"line":7,"column":41},"end":{"line":12,"column":1}},"line":7},"1":{"name":"addToWatchlistM","decl":{"start":{"line":14,"column":16},"end":{"line":14,"column":31}},"loc":{"start":{"line":14,"column":37},"end":{"line":23,"column":1}},"line":14},"2":{"name":"(anonymous_2)","decl":{"start":{"line":15,"column":9},"end":{"line":15,"column":10}},"loc":{"start":{"line":15,"column":33},"end":{"line":22,"column":3}},"line":15},"3":{"name":"(anonymous_3)","decl":{"start":{"line":18,"column":12},"end":{"line":18,"column":13}},"loc":{"start":{"line":18,"column":27},"end":{"line":21,"column":7}},"line":18},"4":{"name":"addToWatchlistS","decl":{"start":{"line":25,"column":16},"end":{"line":25,"column":31}},"loc":{"start":{"line":25,"column":37},"end":{"line":34,"column":1}},"line":25},"5":{"name":"(anonymous_5)","decl":{"start":{"line":26,"column":9},"end":{"line":26,"column":10}},"loc":{"start":{"line":26,"column":33},"end":{"line":33,"column":3}},"line":26},"6":{"name":"(anonymous_6)","decl":{"start":{"line":29,"column":12},"end":{"line":29,"column":13}},"loc":{"start":{"line":29,"column":27},"end":{"line":32,"column":7}},"line":29},"7":{"name":"updateWatchlist","decl":{"start":{"line":35,"column":16},"end":{"line":35,"column":31}},"loc":{"start":{"line":35,"column":44},"end":{"line":40,"column":1}},"line":35},"8":{"name":"fetchWatchlist","decl":{"start":{"line":42,"column":16},"end":{"line":42,"column":30}},"loc":{"start":{"line":42,"column":34},"end":{"line":52,"column":1}},"line":42},"9":{"name":"(anonymous_9)","decl":{"start":{"line":43,"column":9},"end":{"line":43,"column":10}},"loc":{"start":{"line":43,"column":33},"end":{"line":51,"column":3}},"line":43},"10":{"name":"(anonymous_10)","decl":{"start":{"line":47,"column":12},"end":{"line":47,"column":13}},"loc":{"start":{"line":47,"column":27},"end":{"line":50,"column":7}},"line":47}},"branchMap":{},"s":{"0":2,"1":2,"2":2,"3":0,"4":0,"5":0,"6":0,"7":0,"8":0,"9":0,"10":0,"11":0,"12":0,"13":0,"14":0,"15":0,"16":0,"17":0,"18":0,"19":0,"20":0},"f":{"0":0,"1":0,"2":0,"3":0,"4":0,"5":0,"6":0,"7":0,"8":0,"9":0,"10":0},"b":{},"_coverageSchema":"1a1c01bbd47fc00a2c39e90264f33305004495a9","hash":"0d1aa99a93921c939249d5ca1a51cc173132cfa0"}
,"/home/chrisjrh/Bootcamp/FinalProject/CinematicUniverse/client/apis/marvel.js": {"path":"/home/chrisjrh/Bootcamp/FinalProject/CinematicUniverse/client/apis/marvel.js","statementMap":{"0":{"start":{"line":3,"column":16},"end":{"line":3,"column":25}},"1":{"start":{"line":6,"column":2},"end":{"line":9,"column":6}},"2":{"start":{"line":8,"column":6},"end":{"line":8,"column":21}}},"fnMap":{"0":{"name":"getMarvel","decl":{"start":{"line":5,"column":16},"end":{"line":5,"column":25}},"loc":{"start":{"line":5,"column":29},"end":{"line":10,"column":1}},"line":5},"1":{"name":"(anonymous_1)","decl":{"start":{"line":7,"column":10},"end":{"line":7,"column":11}},"loc":{"start":{"line":7,"column":17},"end":{"line":9,"column":5}},"line":7}},"branchMap":{},"s":{"0":6,"1":1,"2":1},"f":{"0":1,"1":1},"b":{},"_coverageSchema":"1a1c01bbd47fc00a2c39e90264f33305004495a9","hash":"ad62dc2ffc6075a17414a1d51ad317d765dbe961"}
,"/home/chrisjrh/Bootcamp/FinalProject/CinematicUniverse/client/apis/movie.js": {"path":"/home/chrisjrh/Bootcamp/FinalProject/CinematicUniverse/client/apis/movie.js","statementMap":{"0":{"start":{"line":3,"column":17},"end":{"line":3,"column":32}},"1":{"start":{"line":6,"column":2},"end":{"line":9,"column":6}},"2":{"start":{"line":8,"column":6},"end":{"line":8,"column":21}}},"fnMap":{"0":{"name":"fetchMovie","decl":{"start":{"line":5,"column":16},"end":{"line":5,"column":26}},"loc":{"start":{"line":5,"column":41},"end":{"line":10,"column":1}},"line":5},"1":{"name":"(anonymous_1)","decl":{"start":{"line":7,"column":10},"end":{"line":7,"column":11}},"loc":{"start":{"line":7,"column":17},"end":{"line":9,"column":5}},"line":7}},"branchMap":{},"s":{"0":1,"1":0,"2":0},"f":{"0":0,"1":0},"b":{},"_coverageSchema":"1a1c01bbd47fc00a2c39e90264f33305004495a9","hash":"8a40e9e7fd8b5121bcb6f2a2d8425fc111847c39"}
,"/home/chrisjrh/Bootcamp/FinalProject/CinematicUniverse/client/apis/starwars.js": {"path":"/home/chrisjrh/Bootcamp/FinalProject/CinematicUniverse/client/apis/starwars.js","statementMap":{"0":{"start":{"line":3,"column":16},"end":{"line":3,"column":25}},"1":{"start":{"line":6,"column":2},"end":{"line":9,"column":6}},"2":{"start":{"line":8,"column":6},"end":{"line":8,"column":21}}},"fnMap":{"0":{"name":"getStarWars","decl":{"start":{"line":5,"column":16},"end":{"line":5,"column":27}},"loc":{"start":{"line":5,"column":31},"end":{"line":10,"column":1}},"line":5},"1":{"name":"(anonymous_1)","decl":{"start":{"line":7,"column":10},"end":{"line":7,"column":11}},"loc":{"start":{"line":7,"column":17},"end":{"line":9,"column":5}},"line":7}},"branchMap":{},"s":{"0":7,"1":1,"2":1},"f":{"0":1,"1":1},"b":{},"_coverageSchema":"1a1c01bbd47fc00a2c39e90264f33305004495a9","hash":"6a1e9f04b6f413563160d01bedfe5da31469c6e3"}
,"/home/chrisjrh/Bootcamp/FinalProject/CinematicUniverse/client/apis/userauth.js": {"path":"/home/chrisjrh/Bootcamp/FinalProject/CinematicUniverse/client/apis/userauth.js","statementMap":{"0":{"start":{"line":2,"column":16},"end":{"line":2,"column":25}},"1":{"start":{"line":5,"column":2},"end":{"line":8,"column":20}},"2":{"start":{"line":12,"column":2},"end":{"line":21,"column":3}},"3":{"start":{"line":13,"column":4},"end":{"line":13,"column":81}},"4":{"start":{"line":16,"column":4},"end":{"line":19,"column":5}},"5":{"start":{"line":20,"column":4},"end":{"line":20,"column":13}}},"fnMap":{"0":{"name":"addUser","decl":{"start":{"line":4,"column":22},"end":{"line":4,"column":29}},"loc":{"start":{"line":4,"column":37},"end":{"line":9,"column":1}},"line":4},"1":{"name":"logError","decl":{"start":{"line":11,"column":9},"end":{"line":11,"column":17}},"loc":{"start":{"line":11,"column":24},"end":{"line":22,"column":1}},"line":11}},"branchMap":{"0":{"loc":{"start":{"line":12,"column":2},"end":{"line":21,"column":3}},"type":"if","locations":[{"start":{"line":12,"column":2},"end":{"line":21,"column":3}},{"start":{"line":12,"column":2},"end":{"line":21,"column":3}}],"line":12}},"s":{"0":2,"1":0,"2":0,"3":0,"4":0,"5":0},"f":{"0":0,"1":0},"b":{"0":[0,0]},"_coverageSchema":"1a1c01bbd47fc00a2c39e90264f33305004495a9","hash":"abc54fab69c35615aa639b33589f63fb67b69614"}
,"/home/chrisjrh/Bootcamp/FinalProject/CinematicUniverse/client/apis/watchlist.js": {"path":"/home/chrisjrh/Bootcamp/FinalProject/CinematicUniverse/client/apis/watchlist.js","statementMap":{"0":{"start":{"line":3,"column":21},"end":{"line":3,"column":40}},"1":{"start":{"line":6,"column":2},"end":{"line":10,"column":6}},"2":{"start":{"line":9,"column":6},"end":{"line":9,"column":21}},"3":{"start":{"line":14,"column":2},"end":{"line":19,"column":6}},"4":{"start":{"line":18,"column":6},"end":{"line":18,"column":21}},"5":{"start":{"line":23,"column":2},"end":{"line":28,"column":6}},"6":{"start":{"line":27,"column":6},"end":{"line":27,"column":21}}},"fnMap":{"0":{"name":"getWatchlist","decl":{"start":{"line":5,"column":16},"end":{"line":5,"column":28}},"loc":{"start":{"line":5,"column":37},"end":{"line":11,"column":1}},"line":5},"1":{"name":"(anonymous_1)","decl":{"start":{"line":8,"column":10},"end":{"line":8,"column":11}},"loc":{"start":{"line":8,"column":17},"end":{"line":10,"column":5}},"line":8},"2":{"name":"addToWatchlistMarvel","decl":{"start":{"line":13,"column":16},"end":{"line":13,"column":36}},"loc":{"start":{"line":13,"column":55},"end":{"line":20,"column":1}},"line":13},"3":{"name":"(anonymous_3)","decl":{"start":{"line":17,"column":10},"end":{"line":17,"column":11}},"loc":{"start":{"line":17,"column":17},"end":{"line":19,"column":5}},"line":17},"4":{"name":"addToWatchlistStarwars","decl":{"start":{"line":22,"column":16},"end":{"line":22,"column":38}},"loc":{"start":{"line":22,"column":59},"end":{"line":29,"column":1}},"line":22},"5":{"name":"(anonymous_5)","decl":{"start":{"line":26,"column":10},"end":{"line":26,"column":11}},"loc":{"start":{"line":26,"column":17},"end":{"line":28,"column":5}},"line":26}},"branchMap":{},"s":{"0":2,"1":0,"2":0,"3":0,"4":0,"5":0,"6":0},"f":{"0":0,"1":0,"2":0,"3":0,"4":0,"5":0},"b":{},"_coverageSchema":"1a1c01bbd47fc00a2c39e90264f33305004495a9","hash":"af374732dd4d15e86b86f7b36ad94873cfb8e9cc"}
,"/home/chrisjrh/Bootcamp/FinalProject/CinematicUniverse/client/components/App.jsx": {"path":"/home/chrisjrh/Bootcamp/FinalProject/CinematicUniverse/client/components/App.jsx","statementMap":{"0":{"start":{"line":21,"column":2},"end":{"line":21,"column":21}},"1":{"start":{"line":22,"column":19},"end":{"line":22,"column":32}},"2":{"start":{"line":23,"column":16},"end":{"line":23,"column":54}},"3":{"start":{"line":23,"column":37},"end":{"line":23,"column":53}},"4":{"start":{"line":24,"column":2},"end":{"line":26,"column":8}},"5":{"start":{"line":25,"column":4},"end":{"line":25,"column":27}},"6":{"start":{"line":27,"column":2},"end":{"line":31,"column":13}},"7":{"start":{"line":28,"column":4},"end":{"line":30,"column":5}},"8":{"start":{"line":29,"column":6},"end":{"line":29,"column":32}},"9":{"start":{"line":33,"column":2},"end":{"line":35,"column":8}},"10":{"start":{"line":34,"column":4},"end":{"line":34,"column":29}},"11":{"start":{"line":37,"column":2},"end":{"line":60,"column":3}}},"fnMap":{"0":{"name":"App","decl":{"start":{"line":20,"column":9},"end":{"line":20,"column":12}},"loc":{"start":{"line":20,"column":16},"end":{"line":61,"column":1}},"line":20},"1":{"name":"(anonymous_1)","decl":{"start":{"line":23,"column":28},"end":{"line":23,"column":29}},"loc":{"start":{"line":23,"column":37},"end":{"line":23,"column":53}},"line":23},"2":{"name":"(anonymous_2)","decl":{"start":{"line":24,"column":12},"end":{"line":24,"column":13}},"loc":{"start":{"line":24,"column":18},"end":{"line":26,"column":3}},"line":24},"3":{"name":"(anonymous_3)","decl":{"start":{"line":27,"column":12},"end":{"line":27,"column":13}},"loc":{"start":{"line":27,"column":18},"end":{"line":31,"column":3}},"line":27},"4":{"name":"(anonymous_4)","decl":{"start":{"line":33,"column":12},"end":{"line":33,"column":13}},"loc":{"start":{"line":33,"column":18},"end":{"line":35,"column":3}},"line":33}},"branchMap":{"0":{"loc":{"start":{"line":28,"column":4},"end":{"line":30,"column":5}},"type":"if","locations":[{"start":{"line":28,"column":4},"end":{"line":30,"column":5}},{"start":{"line":28,"column":4},"end":{"line":30,"column":5}}],"line":28}},"s":{"0":3,"1":3,"2":2,"3":2,"4":0,"5":0,"6":0,"7":0,"8":0,"9":0,"10":0,"11":0},"f":{"0":3,"1":2,"2":0,"3":0,"4":0},"b":{"0":[0,0]},"_coverageSchema":"1a1c01bbd47fc00a2c39e90264f33305004495a9","hash":"80066d991d04d954d1586e6fae228a9d84af68ba"}
,"/home/chrisjrh/Bootcamp/FinalProject/CinematicUniverse/client/components/Authenticated.jsx": {"path":"/home/chrisjrh/Bootcamp/FinalProject/CinematicUniverse/client/components/Authenticated.jsx","statementMap":{"0":{"start":{"line":4,"column":24},"end":{"line":7,"column":1}},"1":{"start":{"line":5,"column":30},"end":{"line":5,"column":40}},"2":{"start":{"line":6,"column":2},"end":{"line":6,"column":24}},"3":{"start":{"line":10,"column":2},"end":{"line":12,"column":10}},"4":{"start":{"line":16,"column":2},"end":{"line":18,"column":10}}},"fnMap":{"0":{"name":"(anonymous_0)","decl":{"start":{"line":4,"column":24},"end":{"line":4,"column":25}},"loc":{"start":{"line":4,"column":30},"end":{"line":7,"column":1}},"line":4},"1":{"name":"IfAuthenticated","decl":{"start":{"line":9,"column":16},"end":{"line":9,"column":31}},"loc":{"start":{"line":9,"column":47},"end":{"line":13,"column":1}},"line":9},"2":{"name":"IfNotAuthenticated","decl":{"start":{"line":15,"column":16},"end":{"line":15,"column":34}},"loc":{"start":{"line":15,"column":50},"end":{"line":19,"column":1}},"line":15}},"branchMap":{"0":{"loc":{"start":{"line":10,"column":9},"end":{"line":12,"column":10}},"type":"cond-expr","locations":[{"start":{"line":11,"column":6},"end":{"line":11,"column":23}},{"start":{"line":12,"column":6},"end":{"line":12,"column":10}}],"line":10},"1":{"loc":{"start":{"line":16,"column":9},"end":{"line":18,"column":10}},"type":"cond-expr","locations":[{"start":{"line":17,"column":6},"end":{"line":17,"column":23}},{"start":{"line":18,"column":6},"end":{"line":18,"column":10}}],"line":16}},"s":{"0":1,"1":0,"2":0,"3":0,"4":0},"f":{"0":0,"1":0,"2":0},"b":{"0":[0,0],"1":[0,0]},"_coverageSchema":"1a1c01bbd47fc00a2c39e90264f33305004495a9","hash":"f3416e3eeee03f9ee8eecdb6c66c79492dfc2aff"}
,"/home/chrisjrh/Bootcamp/FinalProject/CinematicUniverse/client/components/Footer.jsx": {"path":"/home/chrisjrh/Bootcamp/FinalProject/CinematicUniverse/client/components/Footer.jsx","statementMap":{"0":{"start":{"line":4,"column":2},"end":{"line":12,"column":3}}},"fnMap":{"0":{"name":"Footer","decl":{"start":{"line":3,"column":9},"end":{"line":3,"column":15}},"loc":{"start":{"line":3,"column":19},"end":{"line":13,"column":1}},"line":3}},"branchMap":{},"s":{"0":0},"f":{"0":0},"b":{},"_coverageSchema":"1a1c01bbd47fc00a2c39e90264f33305004495a9","hash":"de48c2a767409192125eb8b488ee705edd07f527"}
,"/home/chrisjrh/Bootcamp/FinalProject/CinematicUniverse/client/components/Header.jsx": {"path":"/home/chrisjrh/Bootcamp/FinalProject/CinematicUniverse/client/components/Header.jsx","statementMap":{"0":{"start":{"line":7,"column":46},"end":{"line":7,"column":56}},"1":{"start":{"line":10,"column":4},"end":{"line":10,"column":22}},"2":{"start":{"line":11,"column":4},"end":{"line":11,"column":12}},"3":{"start":{"line":15,"column":4},"end":{"line":15,"column":22}},"4":{"start":{"line":16,"column":4},"end":{"line":16,"column":30}},"5":{"start":{"line":20,"column":4},"end":{"line":20,"column":22}},"6":{"start":{"line":21,"column":4},"end":{"line":21,"column":23}},"7":{"start":{"line":24,"column":2},"end":{"line":40,"column":3}}},"fnMap":{"0":{"name":"Header","decl":{"start":{"line":6,"column":9},"end":{"line":6,"column":15}},"loc":{"start":{"line":6,"column":19},"end":{"line":41,"column":1}},"line":6},"1":{"name":"handleLogOff","decl":{"start":{"line":9,"column":11},"end":{"line":9,"column":23}},"loc":{"start":{"line":9,"column":28},"end":{"line":12,"column":3}},"line":9},"2":{"name":"handleRegister","decl":{"start":{"line":14,"column":11},"end":{"line":14,"column":25}},"loc":{"start":{"line":14,"column":30},"end":{"line":17,"column":3}},"line":14},"3":{"name":"handleSignIn","decl":{"start":{"line":19,"column":11},"end":{"line":19,"column":23}},"loc":{"start":{"line":19,"column":28},"end":{"line":22,"column":3}},"line":19}},"branchMap":{},"s":{"0":0,"1":0,"2":0,"3":0,"4":0,"5":0,"6":0,"7":0},"f":{"0":0,"1":0,"2":0,"3":0},"b":{},"_coverageSchema":"1a1c01bbd47fc00a2c39e90264f33305004495a9","hash":"6695a8cb7341c7dd6f01dd3a4c842739ca37e5f2"}
,"/home/chrisjrh/Bootcamp/FinalProject/CinematicUniverse/client/components/Home.jsx": {"path":"/home/chrisjrh/Bootcamp/FinalProject/CinematicUniverse/client/components/Home.jsx","statementMap":{"0":{"start":{"line":5,"column":2},"end":{"line":20,"column":3}}},"fnMap":{"0":{"name":"Home","decl":{"start":{"line":4,"column":24},"end":{"line":4,"column":28}},"loc":{"start":{"line":4,"column":32},"end":{"line":21,"column":1}},"line":4}},"branchMap":{},"s":{"0":0},"f":{"0":0},"b":{},"_coverageSchema":"1a1c01bbd47fc00a2c39e90264f33305004495a9","hash":"c055806da226d4ac5c99ad07ccbc4edc843577e4"}
,"/home/chrisjrh/Bootcamp/FinalProject/CinematicUniverse/client/components/MarvelList.jsx": {"path":"/home/chrisjrh/Bootcamp/FinalProject/CinematicUniverse/client/components/MarvelList.jsx","statementMap":{"0":{"start":{"line":6,"column":15},"end":{"line":6,"column":49}},"1":{"start":{"line":6,"column":36},"end":{"line":6,"column":48}},"2":{"start":{"line":8,"column":28},"end":{"line":8,"column":50}},"3":{"start":{"line":10,"column":21},"end":{"line":10,"column":81}},"4":{"start":{"line":10,"column":41},"end":{"line":10,"column":80}},"5":{"start":{"line":12,"column":2},"end":{"line":33,"column":3}},"6":{"start":{"line":18,"column":33},"end":{"line":18,"column":55}},"7":{"start":{"line":19,"column":33},"end":{"line":19,"column":53}},"8":{"start":{"line":23,"column":10},"end":{"line":29,"column":17}}},"fnMap":{"0":{"name":"MarvelList","decl":{"start":{"line":5,"column":9},"end":{"line":5,"column":19}},"loc":{"start":{"line":5,"column":23},"end":{"line":34,"column":1}},"line":5},"1":{"name":"(anonymous_1)","decl":{"start":{"line":6,"column":27},"end":{"line":6,"column":28}},"loc":{"start":{"line":6,"column":36},"end":{"line":6,"column":48}},"line":6},"2":{"name":"(anonymous_2)","decl":{"start":{"line":10,"column":31},"end":{"line":10,"column":32}},"loc":{"start":{"line":10,"column":41},"end":{"line":10,"column":80}},"line":10},"3":{"name":"(anonymous_3)","decl":{"start":{"line":18,"column":25},"end":{"line":18,"column":26}},"loc":{"start":{"line":18,"column":31},"end":{"line":18,"column":57}},"line":18},"4":{"name":"(anonymous_4)","decl":{"start":{"line":19,"column":25},"end":{"line":19,"column":26}},"loc":{"start":{"line":19,"column":31},"end":{"line":19,"column":55}},"line":19},"5":{"name":"(anonymous_5)","decl":{"start":{"line":22,"column":24},"end":{"line":22,"column":25}},"loc":{"start":{"line":23,"column":10},"end":{"line":29,"column":17}},"line":23}},"branchMap":{"0":{"loc":{"start":{"line":18,"column":73},"end":{"line":18,"column":113}},"type":"cond-expr","locations":[{"start":{"line":18,"column":98},"end":{"line":18,"column":108}},{"start":{"line":18,"column":111},"end":{"line":18,"column":113}}],"line":18},"1":{"loc":{"start":{"line":19,"column":71},"end":{"line":19,"column":109}},"type":"cond-expr","locations":[{"start":{"line":19,"column":94},"end":{"line":19,"column":104}},{"start":{"line":19,"column":107},"end":{"line":19,"column":109}}],"line":19}},"s":{"0":8,"1":11,"2":8,"3":8,"4":0,"5":8,"6":1,"7":1,"8":8},"f":{"0":8,"1":11,"2":0,"3":1,"4":1,"5":8},"b":{"0":[7,1],"1":[1,7]},"_coverageSchema":"1a1c01bbd47fc00a2c39e90264f33305004495a9","hash":"952b7f4b748e02efcbe7513508715bc7bb7cc1e6"}
,"/home/chrisjrh/Bootcamp/FinalProject/CinematicUniverse/client/components/Movie.jsx": {"path":"/home/chrisjrh/Bootcamp/FinalProject/CinematicUniverse/client/components/Movie.jsx","statementMap":{"0":{"start":{"line":9,"column":19},"end":{"line":9,"column":32}},"1":{"start":{"line":10,"column":13},"end":{"line":10,"column":35}},"2":{"start":{"line":11,"column":19},"end":{"line":11,"column":62}},"3":{"start":{"line":11,"column":40},"end":{"line":11,"column":61}},"4":{"start":{"line":12,"column":16},"end":{"line":12,"column":90}},"5":{"start":{"line":12,"column":37},"end":{"line":12,"column":89}},"6":{"start":{"line":12,"column":73},"end":{"line":12,"column":88}},"7":{"start":{"line":13,"column":40},"end":{"line":13,"column":65}},"8":{"start":{"line":14,"column":38},"end":{"line":14,"column":53}},"9":{"start":{"line":16,"column":16},"end":{"line":16,"column":28}},"10":{"start":{"line":17,"column":22},"end":{"line":17,"column":47}},"11":{"start":{"line":18,"column":15},"end":{"line":18,"column":40}},"12":{"start":{"line":21,"column":4},"end":{"line":23,"column":37}},"13":{"start":{"line":24,"column":4},"end":{"line":24,"column":23}},"14":{"start":{"line":27,"column":2},"end":{"line":37,"column":19}},"15":{"start":{"line":28,"column":4},"end":{"line":36,"column":8}},"16":{"start":{"line":30,"column":8},"end":{"line":30,"column":42}},"17":{"start":{"line":31,"column":8},"end":{"line":31,"column":28}},"18":{"start":{"line":32,"column":8},"end":{"line":32,"column":19}},"19":{"start":{"line":35,"column":8},"end":{"line":35,"column":34}},"20":{"start":{"line":39,"column":18},"end":{"line":41,"column":4}},"21":{"start":{"line":40,"column":4},"end":{"line":40,"column":85}},"22":{"start":{"line":43,"column":2},"end":{"line":75,"column":3}}},"fnMap":{"0":{"name":"Movie","decl":{"start":{"line":8,"column":24},"end":{"line":8,"column":29}},"loc":{"start":{"line":8,"column":38},"end":{"line":76,"column":1}},"line":8},"1":{"name":"(anonymous_1)","decl":{"start":{"line":11,"column":31},"end":{"line":11,"column":32}},"loc":{"start":{"line":11,"column":40},"end":{"line":11,"column":61}},"line":11},"2":{"name":"(anonymous_2)","decl":{"start":{"line":12,"column":28},"end":{"line":12,"column":29}},"loc":{"start":{"line":12,"column":37},"end":{"line":12,"column":89}},"line":12},"3":{"name":"(anonymous_3)","decl":{"start":{"line":12,"column":64},"end":{"line":12,"column":65}},"loc":{"start":{"line":12,"column":73},"end":{"line":12,"column":88}},"line":12},"4":{"name":"onClickHandler","decl":{"start":{"line":20,"column":11},"end":{"line":20,"column":25}},"loc":{"start":{"line":20,"column":29},"end":{"line":25,"column":3}},"line":20},"5":{"name":"(anonymous_5)","decl":{"start":{"line":27,"column":12},"end":{"line":27,"column":13}},"loc":{"start":{"line":27,"column":18},"end":{"line":37,"column":3}},"line":27},"6":{"name":"(anonymous_6)","decl":{"start":{"line":29,"column":12},"end":{"line":29,"column":13}},"loc":{"start":{"line":29,"column":19},"end":{"line":33,"column":7}},"line":29},"7":{"name":"(anonymous_7)","decl":{"start":{"line":34,"column":13},"end":{"line":34,"column":14}},"loc":{"start":{"line":34,"column":22},"end":{"line":36,"column":7}},"line":34},"8":{"name":"(anonymous_8)","decl":{"start":{"line":39,"column":43},"end":{"line":39,"column":44}},"loc":{"start":{"line":39,"column":53},"end":{"line":41,"column":3}},"line":39}},"branchMap":{"0":{"loc":{"start":{"line":21,"column":4},"end":{"line":23,"column":37}},"type":"cond-expr","locations":[{"start":{"line":22,"column":8},"end":{"line":22,"column":37}},{"start":{"line":23,"column":8},"end":{"line":23,"column":37}}],"line":21},"1":{"loc":{"start":{"line":30,"column":8},"end":{"line":30,"column":42}},"type":"binary-expr","locations":[{"start":{"line":30,"column":8},"end":{"line":30,"column":19}},{"start":{"line":30,"column":23},"end":{"line":30,"column":42}}],"line":30},"2":{"loc":{"start":{"line":59,"column":11},"end":{"line":59,"column":36}},"type":"binary-expr","locations":[{"start":{"line":59,"column":11},"end":{"line":59,"column":16}},{"start":{"line":59,"column":20},"end":{"line":59,"column":36}}],"line":59},"3":{"loc":{"start":{"line":65,"column":76},"end":{"line":65,"column":117}},"type":"cond-expr","locations":[{"start":{"line":65,"column":89},"end":{"line":65,"column":96}},{"start":{"line":65,"column":99},"end":{"line":65,"column":117}}],"line":65},"4":{"loc":{"start":{"line":70,"column":11},"end":{"line":70,"column":117}},"type":"binary-expr","locations":[{"start":{"line":70,"column":12},"end":{"line":70,"column":18}},{"start":{"line":70,"column":23},"end":{"line":70,"column":117}}],"line":70},"5":{"loc":{"start":{"line":71,"column":11},"end":{"line":71,"column":127}},"type":"binary-expr","locations":[{"start":{"line":71,"column":12},"end":{"line":71,"column":32}},{"start":{"line":71,"column":37},"end":{"line":71,"column":127}}],"line":71}},"s":{"0":0,"1":0,"2":0,"3":0,"4":0,"5":0,"6":0,"7":0,"8":0,"9":0,"10":0,"11":0,"12":0,"13":0,"14":0,"15":0,"16":0,"17":0,"18":0,"19":0,"20":0,"21":0,"22":0},"f":{"0":0,"1":0,"2":0,"3":0,"4":0,"5":0,"6":0,"7":0,"8":0},"b":{"0":[0,0],"1":[0,0],"2":[0,0],"3":[0,0],"4":[0,0],"5":[0,0]},"_coverageSchema":"1a1c01bbd47fc00a2c39e90264f33305004495a9","hash":"101a450e25a48f3b2de2b4f975ed9e78802ce12a"}
,"/home/chrisjrh/Bootcamp/FinalProject/CinematicUniverse/client/components/NavBar.jsx": {"path":"/home/chrisjrh/Bootcamp/FinalProject/CinematicUniverse/client/components/NavBar.jsx","statementMap":{"0":{"start":{"line":5,"column":19},"end":{"line":5,"column":32}},"1":{"start":{"line":6,"column":16},"end":{"line":6,"column":44}},"2":{"start":{"line":7,"column":19},"end":{"line":7,"column":27}},"3":{"start":{"line":9,"column":2},"end":{"line":25,"column":3}}},"fnMap":{"0":{"name":"NavBar","decl":{"start":{"line":4,"column":24},"end":{"line":4,"column":30}},"loc":{"start":{"line":4,"column":34},"end":{"line":26,"column":1}},"line":4}},"branchMap":{"0":{"loc":{"start":{"line":20,"column":9},"end":{"line":22,"column":18}},"type":"binary-expr","locations":[{"start":{"line":20,"column":10},"end":{"line":20,"column":26}},{"start":{"line":20,"column":31},"end":{"line":22,"column":18}}],"line":20}},"s":{"0":1,"1":1,"2":1,"3":1},"f":{"0":1},"b":{"0":[1,1]},"_coverageSchema":"1a1c01bbd47fc00a2c39e90264f33305004495a9","hash":"c0b0f11cff70696cf1b6249716bf241d1319b98f"}
,"/home/chrisjrh/Bootcamp/FinalProject/CinematicUniverse/client/components/StarWarsList.jsx": {"path":"/home/chrisjrh/Bootcamp/FinalProject/CinematicUniverse/client/components/StarWarsList.jsx","statementMap":{"0":{"start":{"line":6,"column":15},"end":{"line":6,"column":51}},"1":{"start":{"line":6,"column":36},"end":{"line":6,"column":50}},"2":{"start":{"line":8,"column":28},"end":{"line":8,"column":50}},"3":{"start":{"line":10,"column":21},"end":{"line":10,"column":81}},"4":{"start":{"line":10,"column":41},"end":{"line":10,"column":80}},"5":{"start":{"line":12,"column":2},"end":{"line":44,"column":3}},"6":{"start":{"line":18,"column":33},"end":{"line":18,"column":55}},"7":{"start":{"line":19,"column":33},"end":{"line":19,"column":53}},"8":{"start":{"line":29,"column":10},"end":{"line":40,"column":17}}},"fnMap":{"0":{"name":"StarWarsList","decl":{"start":{"line":5,"column":9},"end":{"line":5,"column":21}},"loc":{"start":{"line":5,"column":25},"end":{"line":45,"column":1}},"line":5},"1":{"name":"(anonymous_1)","decl":{"start":{"line":6,"column":27},"end":{"line":6,"column":28}},"loc":{"start":{"line":6,"column":36},"end":{"line":6,"column":50}},"line":6},"2":{"name":"(anonymous_2)","decl":{"start":{"line":10,"column":31},"end":{"line":10,"column":32}},"loc":{"start":{"line":10,"column":41},"end":{"line":10,"column":80}},"line":10},"3":{"name":"(anonymous_3)","decl":{"start":{"line":18,"column":25},"end":{"line":18,"column":26}},"loc":{"start":{"line":18,"column":31},"end":{"line":18,"column":57}},"line":18},"4":{"name":"(anonymous_4)","decl":{"start":{"line":19,"column":25},"end":{"line":19,"column":26}},"loc":{"start":{"line":19,"column":31},"end":{"line":19,"column":55}},"line":19},"5":{"name":"(anonymous_5)","decl":{"start":{"line":28,"column":24},"end":{"line":28,"column":25}},"loc":{"start":{"line":29,"column":10},"end":{"line":40,"column":17}},"line":29}},"branchMap":{"0":{"loc":{"start":{"line":18,"column":73},"end":{"line":18,"column":113}},"type":"cond-expr","locations":[{"start":{"line":18,"column":98},"end":{"line":18,"column":108}},{"start":{"line":18,"column":111},"end":{"line":18,"column":113}}],"line":18},"1":{"loc":{"start":{"line":19,"column":71},"end":{"line":19,"column":109}},"type":"cond-expr","locations":[{"start":{"line":19,"column":94},"end":{"line":19,"column":104}},{"start":{"line":19,"column":107},"end":{"line":19,"column":109}}],"line":19},"2":{"loc":{"start":{"line":21,"column":8},"end":{"line":25,"column":10}},"type":"binary-expr","locations":[{"start":{"line":21,"column":8},"end":{"line":21,"column":30}},{"start":{"line":22,"column":4},"end":{"line":25,"column":10}}],"line":21},"3":{"loc":{"start":{"line":33,"column":16},"end":{"line":37,"column":15}},"type":"cond-expr","locations":[{"start":{"line":34,"column":16},"end":{"line":34,"column":37}},{"start":{"line":36,"column":16},"end":{"line":36,"column":69}}],"line":33}},"s":{"0":8,"1":11,"2":8,"3":8,"4":0,"5":8,"6":1,"7":1,"8":8},"f":{"0":8,"1":11,"2":0,"3":1,"4":1,"5":8},"b":{"0":[7,1],"1":[1,7],"2":[8,7],"3":[7,1]},"_coverageSchema":"1a1c01bbd47fc00a2c39e90264f33305004495a9","hash":"5e0a0c9ab83b47c58ea96b17740bf4f25bc2bc0a"}
,"/home/chrisjrh/Bootcamp/FinalProject/CinematicUniverse/client/components/WatchList.jsx": {"path":"/home/chrisjrh/Bootcamp/FinalProject/CinematicUniverse/client/components/WatchList.jsx","statementMap":{"0":{"start":{"line":5,"column":15},"end":{"line":5,"column":52}},"1":{"start":{"line":5,"column":36},"end":{"line":5,"column":51}},"2":{"start":{"line":6,"column":17},"end":{"line":6,"column":51}},"3":{"start":{"line":6,"column":38},"end":{"line":6,"column":50}},"4":{"start":{"line":7,"column":19},"end":{"line":7,"column":55}},"5":{"start":{"line":7,"column":40},"end":{"line":7,"column":54}},"6":{"start":{"line":8,"column":32},"end":{"line":8,"column":46}},"7":{"start":{"line":9,"column":2},"end":{"line":12,"column":9}},"8":{"start":{"line":10,"column":4},"end":{"line":10,"column":20}},"9":{"start":{"line":14,"column":21},"end":{"line":26,"column":4}},"10":{"start":{"line":15,"column":4},"end":{"line":25,"column":6}},"11":{"start":{"line":16,"column":6},"end":{"line":24,"column":7}},"12":{"start":{"line":17,"column":8},"end":{"line":23,"column":13}},"13":{"start":{"line":27,"column":23},"end":{"line":39,"column":4}},"14":{"start":{"line":28,"column":4},"end":{"line":38,"column":6}},"15":{"start":{"line":29,"column":6},"end":{"line":37,"column":7}},"16":{"start":{"line":30,"column":8},"end":{"line":36,"column":13}},"17":{"start":{"line":41,"column":2},"end":{"line":53,"column":3}}},"fnMap":{"0":{"name":"WatchList","decl":{"start":{"line":4,"column":24},"end":{"line":4,"column":33}},"loc":{"start":{"line":4,"column":42},"end":{"line":54,"column":1}},"line":4},"1":{"name":"(anonymous_1)","decl":{"start":{"line":5,"column":27},"end":{"line":5,"column":28}},"loc":{"start":{"line":5,"column":36},"end":{"line":5,"column":51}},"line":5},"2":{"name":"(anonymous_2)","decl":{"start":{"line":6,"column":29},"end":{"line":6,"column":30}},"loc":{"start":{"line":6,"column":38},"end":{"line":6,"column":50}},"line":6},"3":{"name":"(anonymous_3)","decl":{"start":{"line":7,"column":31},"end":{"line":7,"column":32}},"loc":{"start":{"line":7,"column":40},"end":{"line":7,"column":54}},"line":7},"4":{"name":"(anonymous_4)","decl":{"start":{"line":9,"column":12},"end":{"line":9,"column":13}},"loc":{"start":{"line":9,"column":18},"end":{"line":11,"column":3}},"line":9},"5":{"name":"(anonymous_5)","decl":{"start":{"line":14,"column":33},"end":{"line":14,"column":34}},"loc":{"start":{"line":14,"column":46},"end":{"line":26,"column":3}},"line":14},"6":{"name":"(anonymous_6)","decl":{"start":{"line":15,"column":22},"end":{"line":15,"column":23}},"loc":{"start":{"line":15,"column":41},"end":{"line":25,"column":5}},"line":15},"7":{"name":"(anonymous_7)","decl":{"start":{"line":27,"column":35},"end":{"line":27,"column":36}},"loc":{"start":{"line":27,"column":48},"end":{"line":39,"column":3}},"line":27},"8":{"name":"(anonymous_8)","decl":{"start":{"line":28,"column":24},"end":{"line":28,"column":25}},"loc":{"start":{"line":28,"column":45},"end":{"line":38,"column":5}},"line":28}},"branchMap":{"0":{"loc":{"start":{"line":16,"column":6},"end":{"line":24,"column":7}},"type":"if","locations":[{"start":{"line":16,"column":6},"end":{"line":24,"column":7}},{"start":{"line":16,"column":6},"end":{"line":24,"column":7}}],"line":16},"1":{"loc":{"start":{"line":29,"column":6},"end":{"line":37,"column":7}},"type":"if","locations":[{"start":{"line":29,"column":6},"end":{"line":37,"column":7}},{"start":{"line":29,"column":6},"end":{"line":37,"column":7}}],"line":29}},"s":{"0":0,"1":0,"2":0,"3":0,"4":0,"5":0,"6":0,"7":0,"8":0,"9":0,"10":0,"11":0,"12":0,"13":0,"14":0,"15":0,"16":0,"17":0},"f":{"0":0,"1":0,"2":0,"3":0,"4":0,"5":0,"6":0,"7":0,"8":0},"b":{"0":[0,0],"1":[0,0]},"_coverageSchema":"1a1c01bbd47fc00a2c39e90264f33305004495a9","hash":"8eefb1711576bfa7ec2019eecb14f4afb180eced"}
,"/home/chrisjrh/Bootcamp/FinalProject/CinematicUniverse/client/reducers/index.js": {"path":"/home/chrisjrh/Bootcamp/FinalProject/CinematicUniverse/client/reducers/index.js","statementMap":{},"fnMap":{},"branchMap":{},"s":{},"f":{},"b":{},"_coverageSchema":"1a1c01bbd47fc00a2c39e90264f33305004495a9","hash":"9d558681e948bfed29e97f6966014431d461f613"}
,"/home/chrisjrh/Bootcamp/FinalProject/CinematicUniverse/client/reducers/marvel.js": {"path":"/home/chrisjrh/Bootcamp/FinalProject/CinematicUniverse/client/reducers/marvel.js","statementMap":{"0":{"start":{"line":3,"column":21},"end":{"line":3,"column":23}},"1":{"start":{"line":5,"column":16},"end":{"line":12,"column":1}},"2":{"start":{"line":6,"column":2},"end":{"line":11,"column":3}},"3":{"start":{"line":8,"column":6},"end":{"line":8,"column":26}},"4":{"start":{"line":10,"column":6},"end":{"line":10,"column":18}}},"fnMap":{"0":{"name":"(anonymous_0)","decl":{"start":{"line":5,"column":16},"end":{"line":5,"column":17}},"loc":{"start":{"line":5,"column":50},"end":{"line":12,"column":1}},"line":5}},"branchMap":{"0":{"loc":{"start":{"line":5,"column":17},"end":{"line":5,"column":37}},"type":"default-arg","locations":[{"start":{"line":5,"column":25},"end":{"line":5,"column":37}}],"line":5},"1":{"loc":{"start":{"line":6,"column":2},"end":{"line":11,"column":3}},"type":"switch","locations":[{"start":{"line":7,"column":4},"end":{"line":8,"column":26}},{"start":{"line":9,"column":4},"end":{"line":10,"column":18}}],"line":6}},"s":{"0":2,"1":2,"2":5,"3":1,"4":4},"f":{"0":5},"b":{"0":[4],"1":[1,4]},"_coverageSchema":"1a1c01bbd47fc00a2c39e90264f33305004495a9","hash":"e5ededfa003022b2336baf0daee0702982c1ad3b"}
,"/home/chrisjrh/Bootcamp/FinalProject/CinematicUniverse/client/reducers/starwars.js": {"path":"/home/chrisjrh/Bootcamp/FinalProject/CinematicUniverse/client/reducers/starwars.js","statementMap":{"0":{"start":{"line":3,"column":21},"end":{"line":3,"column":23}},"1":{"start":{"line":5,"column":16},"end":{"line":12,"column":1}},"2":{"start":{"line":6,"column":2},"end":{"line":11,"column":3}},"3":{"start":{"line":8,"column":6},"end":{"line":8,"column":28}},"4":{"start":{"line":10,"column":6},"end":{"line":10,"column":18}}},"fnMap":{"0":{"name":"(anonymous_0)","decl":{"start":{"line":5,"column":16},"end":{"line":5,"column":17}},"loc":{"start":{"line":5,"column":50},"end":{"line":12,"column":1}},"line":5}},"branchMap":{"0":{"loc":{"start":{"line":5,"column":17},"end":{"line":5,"column":37}},"type":"default-arg","locations":[{"start":{"line":5,"column":25},"end":{"line":5,"column":37}}],"line":5},"1":{"loc":{"start":{"line":6,"column":2},"end":{"line":11,"column":3}},"type":"switch","locations":[{"start":{"line":7,"column":4},"end":{"line":8,"column":28}},{"start":{"line":9,"column":4},"end":{"line":10,"column":18}}],"line":6}},"s":{"0":2,"1":2,"2":5,"3":1,"4":4},"f":{"0":5},"b":{"0":[4],"1":[1,4]},"_coverageSchema":"1a1c01bbd47fc00a2c39e90264f33305004495a9","hash":"f115f74c8033c13285fc900cdba8317fc7da6dcc"}
,"/home/chrisjrh/Bootcamp/FinalProject/CinematicUniverse/client/reducers/userauth.js": {"path":"/home/chrisjrh/Bootcamp/FinalProject/CinematicUniverse/client/reducers/userauth.js","statementMap":{"0":{"start":{"line":3,"column":18},"end":{"line":7,"column":1}},"1":{"start":{"line":10,"column":2},"end":{"line":19,"column":3}},"2":{"start":{"line":12,"column":6},"end":{"line":12,"column":24}},"3":{"start":{"line":15,"column":6},"end":{"line":15,"column":22}},"4":{"start":{"line":18,"column":6},"end":{"line":18,"column":18}}},"fnMap":{"0":{"name":"user","decl":{"start":{"line":9,"column":24},"end":{"line":9,"column":28}},"loc":{"start":{"line":9,"column":57},"end":{"line":20,"column":1}},"line":9}},"branchMap":{"0":{"loc":{"start":{"line":9,"column":30},"end":{"line":9,"column":47}},"type":"default-arg","locations":[{"start":{"line":9,"column":38},"end":{"line":9,"column":47}}],"line":9},"1":{"loc":{"start":{"line":10,"column":2},"end":{"line":19,"column":3}},"type":"switch","locations":[{"start":{"line":11,"column":4},"end":{"line":12,"column":24}},{"start":{"line":14,"column":4},"end":{"line":15,"column":22}},{"start":{"line":17,"column":4},"end":{"line":18,"column":18}}],"line":10}},"s":{"0":1,"1":3,"2":0,"3":0,"4":3},"f":{"0":3},"b":{"0":[3],"1":[0,0,3]},"_coverageSchema":"1a1c01bbd47fc00a2c39e90264f33305004495a9","hash":"405413a068ba7498ca8c8d9893b92e9e053d6a72"}
,"/home/chrisjrh/Bootcamp/FinalProject/CinematicUniverse/client/reducers/watchlist.js": {"path":"/home/chrisjrh/Bootcamp/FinalProject/CinematicUniverse/client/reducers/watchlist.js","statementMap":{"0":{"start":{"line":3,"column":21},"end":{"line":3,"column":23}},"1":{"start":{"line":5,"column":16},"end":{"line":19,"column":1}},"2":{"start":{"line":6,"column":2},"end":{"line":18,"column":3}},"3":{"start":{"line":8,"column":6},"end":{"line":8,"column":29}},"4":{"start":{"line":11,"column":6},"end":{"line":11,"column":54}},"5":{"start":{"line":11,"column":32},"end":{"line":11,"column":53}},"6":{"start":{"line":14,"column":6},"end":{"line":14,"column":29}},"7":{"start":{"line":17,"column":6},"end":{"line":17,"column":18}}},"fnMap":{"0":{"name":"(anonymous_0)","decl":{"start":{"line":5,"column":16},"end":{"line":5,"column":17}},"loc":{"start":{"line":5,"column":50},"end":{"line":19,"column":1}},"line":5},"1":{"name":"(anonymous_1)","decl":{"start":{"line":11,"column":24},"end":{"line":11,"column":25}},"loc":{"start":{"line":11,"column":32},"end":{"line":11,"column":53}},"line":11}},"branchMap":{"0":{"loc":{"start":{"line":5,"column":17},"end":{"line":5,"column":37}},"type":"default-arg","locations":[{"start":{"line":5,"column":25},"end":{"line":5,"column":37}}],"line":5},"1":{"loc":{"start":{"line":6,"column":2},"end":{"line":18,"column":3}},"type":"switch","locations":[{"start":{"line":7,"column":4},"end":{"line":8,"column":29}},{"start":{"line":10,"column":4},"end":{"line":11,"column":54}},{"start":{"line":13,"column":4},"end":{"line":14,"column":29}},{"start":{"line":16,"column":4},"end":{"line":17,"column":18}}],"line":6}},"s":{"0":1,"1":1,"2":3,"3":0,"4":0,"5":0,"6":0,"7":3},"f":{"0":3,"1":0},"b":{"0":[3],"1":[0,0,0,3]},"_coverageSchema":"1a1c01bbd47fc00a2c39e90264f33305004495a9","hash":"677f3ea9579c13992376cbca388918c3a5acfabc"}
,"/home/chrisjrh/Bootcamp/FinalProject/CinematicUniverse/server/auth0.js": {"path":"/home/chrisjrh/Bootcamp/FinalProject/CinematicUniverse/server/auth0.js","statementMap":{"0":{"start":{"line":1,"column":12},"end":{"line":1,"column":34}},"1":{"start":{"line":2,"column":13},"end":{"line":2,"column":32}},"2":{"start":{"line":4,"column":15},"end":{"line":4,"column":50}},"3":{"start":{"line":5,"column":17},"end":{"line":5,"column":37}},"4":{"start":{"line":7,"column":17},"end":{"line":17,"column":2}},"5":{"start":{"line":19,"column":0},"end":{"line":19,"column":25}}},"fnMap":{},"branchMap":{},"s":{"0":2,"1":2,"2":2,"3":2,"4":2,"5":2},"f":{},"b":{},"_coverageSchema":"1a1c01bbd47fc00a2c39e90264f33305004495a9","hash":"99c4bfd248bae78ae15f3d61c1d17aa0365f36b3"}
,"/home/chrisjrh/Bootcamp/FinalProject/CinematicUniverse/server/server.js": {"path":"/home/chrisjrh/Bootcamp/FinalProject/CinematicUniverse/server/server.js","statementMap":{"0":{"start":{"line":1,"column":16},"end":{"line":1,"column":34}},"1":{"start":{"line":2,"column":13},"end":{"line":2,"column":28}},"2":{"start":{"line":4,"column":20},"end":{"line":4,"column":45}},"3":{"start":{"line":5,"column":21},"end":{"line":5,"column":47}},"4":{"start":{"line":6,"column":23},"end":{"line":6,"column":51}},"5":{"start":{"line":7,"column":19},"end":{"line":7,"column":44}},"6":{"start":{"line":8,"column":24},"end":{"line":8,"column":53}},"7":{"start":{"line":10,"column":15},"end":{"line":10,"column":24}},"8":{"start":{"line":12,"column":0},"end":{"line":12,"column":26}},"9":{"start":{"line":13,"column":0},"end":{"line":13,"column":58}},"10":{"start":{"line":15,"column":0},"end":{"line":15,"column":40}},"11":{"start":{"line":16,"column":0},"end":{"line":16,"column":42}},"12":{"start":{"line":17,"column":0},"end":{"line":17,"column":46}},"13":{"start":{"line":18,"column":0},"end":{"line":18,"column":39}},"14":{"start":{"line":19,"column":0},"end":{"line":19,"column":48}},"15":{"start":{"line":21,"column":0},"end":{"line":23,"column":2}},"16":{"start":{"line":22,"column":2},"end":{"line":22,"column":57}},"17":{"start":{"line":25,"column":0},"end":{"line":25,"column":23}}},"fnMap":{"0":{"name":"(anonymous_0)","decl":{"start":{"line":21,"column":16},"end":{"line":21,"column":17}},"loc":{"start":{"line":21,"column":30},"end":{"line":23,"column":1}},"line":21}},"branchMap":{},"s":{"0":2,"1":2,"2":2,"3":2,"4":2,"5":2,"6":2,"7":2,"8":2,"9":2,"10":2,"11":2,"12":2,"13":2,"14":2,"15":2,"16":0,"17":2},"f":{"0":0},"b":{},"_coverageSchema":"1a1c01bbd47fc00a2c39e90264f33305004495a9","hash":"df9ee9e4750ac5d4b6812b1441039d571fde00f3"}
,"/home/chrisjrh/Bootcamp/FinalProject/CinematicUniverse/server/db/connection.js": {"path":"/home/chrisjrh/Bootcamp/FinalProject/CinematicUniverse/server/db/connection.js","statementMap":{"0":{"start":{"line":1,"column":13},"end":{"line":1,"column":28}},"1":{"start":{"line":2,"column":15},"end":{"line":2,"column":36}},"2":{"start":{"line":3,"column":12},"end":{"line":3,"column":49}},"3":{"start":{"line":4,"column":19},"end":{"line":4,"column":36}},"4":{"start":{"line":6,"column":0},"end":{"line":6,"column":27}}},"fnMap":{},"branchMap":{"0":{"loc":{"start":{"line":3,"column":12},"end":{"line":3,"column":49}},"type":"binary-expr","locations":[{"start":{"line":3,"column":12},"end":{"line":3,"column":32}},{"start":{"line":3,"column":36},"end":{"line":3,"column":49}}],"line":3}},"s":{"0":6,"1":6,"2":6,"3":6,"4":6},"f":{},"b":{"0":[6,0]},"_coverageSchema":"1a1c01bbd47fc00a2c39e90264f33305004495a9","hash":"7dd357900c76c9433ee5814ad5a748d4570789c6"}
,"/home/chrisjrh/Bootcamp/FinalProject/CinematicUniverse/server/db/knexfile.js": {"path":"/home/chrisjrh/Bootcamp/FinalProject/CinematicUniverse/server/db/knexfile.js","statementMap":{"0":{"start":{"line":1,"column":13},"end":{"line":1,"column":28}},"1":{"start":{"line":3,"column":0},"end":{"line":37,"column":1}}},"fnMap":{},"branchMap":{},"s":{"0":6,"1":6},"f":{},"b":{},"_coverageSchema":"1a1c01bbd47fc00a2c39e90264f33305004495a9","hash":"b3d2bd61535fff5e5dd6123fcd43f9c4d555d25f"}
,"/home/chrisjrh/Bootcamp/FinalProject/CinematicUniverse/server/db/marvel.js": {"path":"/home/chrisjrh/Bootcamp/FinalProject/CinematicUniverse/server/db/marvel.js","statementMap":{"0":{"start":{"line":1,"column":19},"end":{"line":1,"column":42}},"1":{"start":{"line":4,"column":2},"end":{"line":4,"column":30}},"2":{"start":{"line":7,"column":0},"end":{"line":9,"column":1}}},"fnMap":{"0":{"name":"getMarvel","decl":{"start":{"line":3,"column":9},"end":{"line":3,"column":18}},"loc":{"start":{"line":3,"column":37},"end":{"line":5,"column":1}},"line":3}},"branchMap":{"0":{"loc":{"start":{"line":3,"column":20},"end":{"line":3,"column":35}},"type":"default-arg","locations":[{"start":{"line":3,"column":25},"end":{"line":3,"column":35}}],"line":3}},"s":{"0":3,"1":1,"2":3},"f":{"0":1},"b":{"0":[0]},"_coverageSchema":"1a1c01bbd47fc00a2c39e90264f33305004495a9","hash":"42058c2018b9a5dbe750075aa757ce5dcac2f1b6"}
,"/home/chrisjrh/Bootcamp/FinalProject/CinematicUniverse/server/db/starwars.js": {"path":"/home/chrisjrh/Bootcamp/FinalProject/CinematicUniverse/server/db/starwars.js","statementMap":{"0":{"start":{"line":1,"column":19},"end":{"line":1,"column":42}},"1":{"start":{"line":4,"column":2},"end":{"line":4,"column":32}},"2":{"start":{"line":7,"column":0},"end":{"line":9,"column":1}}},"fnMap":{"0":{"name":"getStarWars","decl":{"start":{"line":3,"column":9},"end":{"line":3,"column":20}},"loc":{"start":{"line":3,"column":39},"end":{"line":5,"column":1}},"line":3}},"branchMap":{"0":{"loc":{"start":{"line":3,"column":22},"end":{"line":3,"column":37}},"type":"default-arg","locations":[{"start":{"line":3,"column":27},"end":{"line":3,"column":37}}],"line":3}},"s":{"0":3,"1":1,"2":3},"f":{"0":1},"b":{"0":[0]},"_coverageSchema":"1a1c01bbd47fc00a2c39e90264f33305004495a9","hash":"935e064d4c67679e86500ff08682a82099264b5c"}
,"/home/chrisjrh/Bootcamp/FinalProject/CinematicUniverse/server/db/users.js": {"path":"/home/chrisjrh/Bootcamp/FinalProject/CinematicUniverse/server/db/users.js","statementMap":{"0":{"start":{"line":1,"column":19},"end":{"line":1,"column":42}},"1":{"start":{"line":3,"column":0},"end":{"line":8,"column":1}},"2":{"start":{"line":11,"column":2},"end":{"line":16,"column":6}},"3":{"start":{"line":15,"column":6},"end":{"line":15,"column":27}},"4":{"start":{"line":20,"column":2},"end":{"line":23,"column":12}},"5":{"start":{"line":27,"column":2},"end":{"line":28,"column":17}},"6":{"start":{"line":32,"column":2},"end":{"line":34,"column":32}}},"fnMap":{"0":{"name":"userExists","decl":{"start":{"line":10,"column":9},"end":{"line":10,"column":19}},"loc":{"start":{"line":10,"column":47},"end":{"line":17,"column":1}},"line":10},"1":{"name":"(anonymous_1)","decl":{"start":{"line":14,"column":10},"end":{"line":14,"column":11}},"loc":{"start":{"line":14,"column":19},"end":{"line":16,"column":5}},"line":14},"2":{"name":"getUserByName","decl":{"start":{"line":19,"column":9},"end":{"line":19,"column":22}},"loc":{"start":{"line":19,"column":51},"end":{"line":24,"column":1}},"line":19},"3":{"name":"createUser","decl":{"start":{"line":26,"column":9},"end":{"line":26,"column":19}},"loc":{"start":{"line":26,"column":44},"end":{"line":29,"column":1}},"line":26},"4":{"name":"getUserById","decl":{"start":{"line":31,"column":9},"end":{"line":31,"column":20}},"loc":{"start":{"line":31,"column":49},"end":{"line":35,"column":1}},"line":31}},"branchMap":{"0":{"loc":{"start":{"line":10,"column":30},"end":{"line":10,"column":45}},"type":"default-arg","locations":[{"start":{"line":10,"column":35},"end":{"line":10,"column":45}}],"line":10},"1":{"loc":{"start":{"line":19,"column":34},"end":{"line":19,"column":49}},"type":"default-arg","locations":[{"start":{"line":19,"column":39},"end":{"line":19,"column":49}}],"line":19},"2":{"loc":{"start":{"line":26,"column":27},"end":{"line":26,"column":42}},"type":"default-arg","locations":[{"start":{"line":26,"column":32},"end":{"line":26,"column":42}}],"line":26},"3":{"loc":{"start":{"line":31,"column":32},"end":{"line":31,"column":47}},"type":"default-arg","locations":[{"start":{"line":31,"column":37},"end":{"line":31,"column":47}}],"line":31}},"s":{"0":2,"1":2,"2":0,"3":0,"4":0,"5":0,"6":0},"f":{"0":0,"1":0,"2":0,"3":0,"4":0},"b":{"0":[0],"1":[0],"2":[0],"3":[0]},"_coverageSchema":"1a1c01bbd47fc00a2c39e90264f33305004495a9","hash":"8c78fed5c9bb6213ba6d711512b4e436e062ba18"}
,"/home/chrisjrh/Bootcamp/FinalProject/CinematicUniverse/server/db/watchlist.js": {"path":"/home/chrisjrh/Bootcamp/FinalProject/CinematicUniverse/server/db/watchlist.js","statementMap":{"0":{"start":{"line":1,"column":19},"end":{"line":1,"column":42}},"1":{"start":{"line":3,"column":0},"end":{"line":7,"column":1}},"2":{"start":{"line":10,"column":2},"end":{"line":12,"column":26}},"3":{"start":{"line":16,"column":2},"end":{"line":20,"column":6}},"4":{"start":{"line":19,"column":6},"end":{"line":19,"column":29}},"5":{"start":{"line":23,"column":2},"end":{"line":27,"column":6}},"6":{"start":{"line":26,"column":6},"end":{"line":26,"column":29}}},"fnMap":{"0":{"name":"getWatchlist","decl":{"start":{"line":9,"column":9},"end":{"line":9,"column":21}},"loc":{"start":{"line":9,"column":44},"end":{"line":13,"column":1}},"line":9},"1":{"name":"addMarvel","decl":{"start":{"line":15,"column":9},"end":{"line":15,"column":18}},"loc":{"start":{"line":15,"column":51},"end":{"line":21,"column":1}},"line":15},"2":{"name":"(anonymous_2)","decl":{"start":{"line":18,"column":10},"end":{"line":18,"column":11}},"loc":{"start":{"line":18,"column":16},"end":{"line":20,"column":5}},"line":18},"3":{"name":"addStarwars","decl":{"start":{"line":22,"column":9},"end":{"line":22,"column":20}},"loc":{"start":{"line":22,"column":55},"end":{"line":28,"column":1}},"line":22},"4":{"name":"(anonymous_4)","decl":{"start":{"line":25,"column":10},"end":{"line":25,"column":11}},"loc":{"start":{"line":25,"column":16},"end":{"line":27,"column":5}},"line":25}},"branchMap":{"0":{"loc":{"start":{"line":9,"column":27},"end":{"line":9,"column":42}},"type":"default-arg","locations":[{"start":{"line":9,"column":32},"end":{"line":9,"column":42}}],"line":9},"1":{"loc":{"start":{"line":15,"column":34},"end":{"line":15,"column":49}},"type":"default-arg","locations":[{"start":{"line":15,"column":39},"end":{"line":15,"column":49}}],"line":15},"2":{"loc":{"start":{"line":22,"column":38},"end":{"line":22,"column":53}},"type":"default-arg","locations":[{"start":{"line":22,"column":43},"end":{"line":22,"column":53}}],"line":22}},"s":{"0":2,"1":2,"2":0,"3":0,"4":0,"5":0,"6":0},"f":{"0":0,"1":0,"2":0,"3":0,"4":0},"b":{"0":[0],"1":[0],"2":[0]},"_coverageSchema":"1a1c01bbd47fc00a2c39e90264f33305004495a9","hash":"222728437e0195625e3ee746f4e588dc50b51b82"}
,"/home/chrisjrh/Bootcamp/FinalProject/CinematicUniverse/server/db/migrations/20220223204644_Marvel.js": {"path":"/home/chrisjrh/Bootcamp/FinalProject/CinematicUniverse/server/db/migrations/20220223204644_Marvel.js","statementMap":{"0":{"start":{"line":1,"column":0},"end":{"line":10,"column":1}},"1":{"start":{"line":2,"column":2},"end":{"line":9,"column":4}},"2":{"start":{"line":3,"column":4},"end":{"line":3,"column":26}},"3":{"start":{"line":4,"column":4},"end":{"line":4,"column":25}},"4":{"start":{"line":5,"column":4},"end":{"line":5,"column":30}},"5":{"start":{"line":6,"column":4},"end":{"line":6,"column":32}},"6":{"start":{"line":7,"column":4},"end":{"line":7,"column":25}},"7":{"start":{"line":8,"column":4},"end":{"line":8,"column":27}},"8":{"start":{"line":12,"column":0},"end":{"line":14,"column":1}},"9":{"start":{"line":13,"column":2},"end":{"line":13,"column":40}}},"fnMap":{"0":{"name":"(anonymous_0)","decl":{"start":{"line":1,"column":13},"end":{"line":1,"column":14}},"loc":{"start":{"line":1,"column":29},"end":{"line":10,"column":1}},"line":1},"1":{"name":"(anonymous_1)","decl":{"start":{"line":2,"column":43},"end":{"line":2,"column":44}},"loc":{"start":{"line":2,"column":52},"end":{"line":9,"column":3}},"line":2},"2":{"name":"(anonymous_2)","decl":{"start":{"line":12,"column":15},"end":{"line":12,"column":16}},"loc":{"start":{"line":12,"column":31},"end":{"line":14,"column":1}},"line":12}},"branchMap":{},"s":{"0":2,"1":2,"2":2,"3":2,"4":2,"5":2,"6":2,"7":2,"8":2,"9":0},"f":{"0":2,"1":2,"2":0},"b":{},"_coverageSchema":"1a1c01bbd47fc00a2c39e90264f33305004495a9","hash":"368a514ce40d84fb220aa4a5e1963d9df98170d5"}
,"/home/chrisjrh/Bootcamp/FinalProject/CinematicUniverse/server/db/migrations/20220224020538_users.js": {"path":"/home/chrisjrh/Bootcamp/FinalProject/CinematicUniverse/server/db/migrations/20220224020538_users.js","statementMap":{"0":{"start":{"line":1,"column":0},"end":{"line":7,"column":1}},"1":{"start":{"line":2,"column":2},"end":{"line":6,"column":4}},"2":{"start":{"line":3,"column":4},"end":{"line":3,"column":26}},"3":{"start":{"line":4,"column":4},"end":{"line":4,"column":38}},"4":{"start":{"line":5,"column":4},"end":{"line":5,"column":25}},"5":{"start":{"line":9,"column":0},"end":{"line":11,"column":1}},"6":{"start":{"line":10,"column":2},"end":{"line":10,"column":39}}},"fnMap":{"0":{"name":"(anonymous_0)","decl":{"start":{"line":1,"column":13},"end":{"line":1,"column":14}},"loc":{"start":{"line":1,"column":23},"end":{"line":7,"column":1}},"line":1},"1":{"name":"(anonymous_1)","decl":{"start":{"line":2,"column":42},"end":{"line":2,"column":43}},"loc":{"start":{"line":2,"column":51},"end":{"line":6,"column":3}},"line":2},"2":{"name":"(anonymous_2)","decl":{"start":{"line":9,"column":15},"end":{"line":9,"column":16}},"loc":{"start":{"line":9,"column":25},"end":{"line":11,"column":1}},"line":9}},"branchMap":{},"s":{"0":2,"1":2,"2":2,"3":2,"4":2,"5":2,"6":0},"f":{"0":2,"1":2,"2":0},"b":{},"_coverageSchema":"1a1c01bbd47fc00a2c39e90264f33305004495a9","hash":"b388382a02254be98df32780be9e311fa1e5ff25"}
,"/home/chrisjrh/Bootcamp/FinalProject/CinematicUniverse/server/db/migrations/20220225013029_watchlist.js": {"path":"/home/chrisjrh/Bootcamp/FinalProject/CinematicUniverse/server/db/migrations/20220225013029_watchlist.js","statementMap":{"0":{"start":{"line":1,"column":0},"end":{"line":8,"column":1}},"1":{"start":{"line":2,"column":2},"end":{"line":7,"column":4}},"2":{"start":{"line":3,"column":4},"end":{"line":3,"column":57}},"3":{"start":{"line":4,"column":4},"end":{"line":4,"column":54}},"4":{"start":{"line":5,"column":4},"end":{"line":5,"column":58}},"5":{"start":{"line":6,"column":4},"end":{"line":6,"column":27}},"6":{"start":{"line":10,"column":0},"end":{"line":12,"column":1}},"7":{"start":{"line":11,"column":2},"end":{"line":11,"column":43}}},"fnMap":{"0":{"name":"(anonymous_0)","decl":{"start":{"line":1,"column":13},"end":{"line":1,"column":14}},"loc":{"start":{"line":1,"column":29},"end":{"line":8,"column":1}},"line":1},"1":{"name":"(anonymous_1)","decl":{"start":{"line":2,"column":46},"end":{"line":2,"column":47}},"loc":{"start":{"line":2,"column":55},"end":{"line":7,"column":3}},"line":2},"2":{"name":"(anonymous_2)","decl":{"start":{"line":10,"column":15},"end":{"line":10,"column":16}},"loc":{"start":{"line":10,"column":31},"end":{"line":12,"column":1}},"line":10}},"branchMap":{},"s":{"0":2,"1":2,"2":2,"3":2,"4":2,"5":2,"6":2,"7":0},"f":{"0":2,"1":2,"2":0},"b":{},"_coverageSchema":"1a1c01bbd47fc00a2c39e90264f33305004495a9","hash":"1085557b8f3f99b3a4a3d058e378d9398bbd9398"}
,"/home/chrisjrh/Bootcamp/FinalProject/CinematicUniverse/server/db/migrations/20220227044616_starwars.js": {"path":"/home/chrisjrh/Bootcamp/FinalProject/CinematicUniverse/server/db/migrations/20220227044616_starwars.js","statementMap":{"0":{"start":{"line":1,"column":0},"end":{"line":11,"column":1}},"1":{"start":{"line":2,"column":2},"end":{"line":10,"column":4}},"2":{"start":{"line":3,"column":4},"end":{"line":3,"column":26}},"3":{"start":{"line":4,"column":4},"end":{"line":4,"column":25}},"4":{"start":{"line":5,"column":4},"end":{"line":5,"column":30}},"5":{"start":{"line":6,"column":4},"end":{"line":6,"column":32}},"6":{"start":{"line":7,"column":4},"end":{"line":7,"column":26}},"7":{"start":{"line":8,"column":4},"end":{"line":8,"column":25}},"8":{"start":{"line":9,"column":4},"end":{"line":9,"column":27}},"9":{"start":{"line":13,"column":0},"end":{"line":15,"column":1}},"10":{"start":{"line":14,"column":2},"end":{"line":14,"column":42}}},"fnMap":{"0":{"name":"(anonymous_0)","decl":{"start":{"line":1,"column":13},"end":{"line":1,"column":14}},"loc":{"start":{"line":1,"column":29},"end":{"line":11,"column":1}},"line":1},"1":{"name":"(anonymous_1)","decl":{"start":{"line":2,"column":45},"end":{"line":2,"column":46}},"loc":{"start":{"line":2,"column":54},"end":{"line":10,"column":3}},"line":2},"2":{"name":"(anonymous_2)","decl":{"start":{"line":13,"column":15},"end":{"line":13,"column":16}},"loc":{"start":{"line":13,"column":31},"end":{"line":15,"column":1}},"line":13}},"branchMap":{},"s":{"0":2,"1":2,"2":2,"3":2,"4":2,"5":2,"6":2,"7":2,"8":2,"9":2,"10":0},"f":{"0":2,"1":2,"2":0},"b":{},"_coverageSchema":"1a1c01bbd47fc00a2c39e90264f33305004495a9","hash":"bb5fe70e441ac2575396b6a62aceb48edc68e3a7"}
,"/home/chrisjrh/Bootcamp/FinalProject/CinematicUniverse/server/db/seeds/Marvel.js": {"path":"/home/chrisjrh/Bootcamp/FinalProject/CinematicUniverse/server/db/seeds/Marvel.js","statementMap":{"0":{"start":{"line":1,"column":0},"end":{"line":39,"column":1}},"1":{"start":{"line":2,"column":2},"end":{"line":38,"column":6}},"2":{"start":{"line":4,"column":6},"end":{"line":37,"column":8}}},"fnMap":{"0":{"name":"(anonymous_0)","decl":{"start":{"line":1,"column":15},"end":{"line":1,"column":16}},"loc":{"start":{"line":1,"column":31},"end":{"line":39,"column":1}},"line":1},"1":{"name":"(anonymous_1)","decl":{"start":{"line":3,"column":10},"end":{"line":3,"column":11}},"loc":{"start":{"line":3,"column":22},"end":{"line":38,"column":5}},"line":3}},"branchMap":{},"s":{"0":2,"1":2,"2":2},"f":{"0":2,"1":2},"b":{},"_coverageSchema":"1a1c01bbd47fc00a2c39e90264f33305004495a9","hash":"1f33a0058d4417b1fcab3e7cbcd3d21d1485451f"}
,"/home/chrisjrh/Bootcamp/FinalProject/CinematicUniverse/server/db/seeds/starwars.js": {"path":"/home/chrisjrh/Bootcamp/FinalProject/CinematicUniverse/server/db/seeds/starwars.js","statementMap":{"0":{"start":{"line":1,"column":0},"end":{"line":26,"column":1}},"1":{"start":{"line":2,"column":2},"end":{"line":25,"column":6}},"2":{"start":{"line":4,"column":6},"end":{"line":24,"column":8}}},"fnMap":{"0":{"name":"(anonymous_0)","decl":{"start":{"line":1,"column":15},"end":{"line":1,"column":16}},"loc":{"start":{"line":1,"column":31},"end":{"line":26,"column":1}},"line":1},"1":{"name":"(anonymous_1)","decl":{"start":{"line":3,"column":10},"end":{"line":3,"column":11}},"loc":{"start":{"line":3,"column":22},"end":{"line":25,"column":5}},"line":3}},"branchMap":{},"s":{"0":2,"1":2,"2":2},"f":{"0":2,"1":2},"b":{},"_coverageSchema":"1a1c01bbd47fc00a2c39e90264f33305004495a9","hash":"3316acaa0000b2df37149540a7f1e6c52c4bde5c"}
,"/home/chrisjrh/Bootcamp/FinalProject/CinematicUniverse/server/db/seeds/users.js": {"path":"/home/chrisjrh/Bootcamp/FinalProject/CinematicUniverse/server/db/seeds/users.js","statementMap":{"0":{"start":{"line":1,"column":0},"end":{"line":10,"column":1}},"1":{"start":{"line":2,"column":2},"end":{"line":9,"column":6}},"2":{"start":{"line":5,"column":6},"end":{"line":8,"column":8}}},"fnMap":{"0":{"name":"(anonymous_0)","decl":{"start":{"line":1,"column":15},"end":{"line":1,"column":16}},"loc":{"start":{"line":1,"column":25},"end":{"line":10,"column":1}},"line":1},"1":{"name":"(anonymous_1)","decl":{"start":{"line":4,"column":10},"end":{"line":4,"column":11}},"loc":{"start":{"line":4,"column":22},"end":{"line":9,"column":5}},"line":4}},"branchMap":{},"s":{"0":2,"1":2,"2":2},"f":{"0":2,"1":2},"b":{},"_coverageSchema":"1a1c01bbd47fc00a2c39e90264f33305004495a9","hash":"ba808853440c888e5215dcb224b69df082c089dc"}
,"/home/chrisjrh/Bootcamp/FinalProject/CinematicUniverse/server/db/seeds/watchlist.js": {"path":"/home/chrisjrh/Bootcamp/FinalProject/CinematicUniverse/server/db/seeds/watchlist.js","statementMap":{"0":{"start":{"line":1,"column":0},"end":{"line":10,"column":1}},"1":{"start":{"line":2,"column":2},"end":{"line":9,"column":6}},"2":{"start":{"line":4,"column":6},"end":{"line":8,"column":8}}},"fnMap":{"0":{"name":"(anonymous_0)","decl":{"start":{"line":1,"column":15},"end":{"line":1,"column":16}},"loc":{"start":{"line":1,"column":31},"end":{"line":10,"column":1}},"line":1},"1":{"name":"(anonymous_1)","decl":{"start":{"line":3,"column":10},"end":{"line":3,"column":11}},"loc":{"start":{"line":3,"column":22},"end":{"line":9,"column":5}},"line":3}},"branchMap":{},"s":{"0":2,"1":2,"2":2},"f":{"0":2,"1":2},"b":{},"_coverageSchema":"1a1c01bbd47fc00a2c39e90264f33305004495a9","hash":"af93578036721a2de8e498c312699d9f2fee53cd"}
,"/home/chrisjrh/Bootcamp/FinalProject/CinematicUniverse/server/routes/marvel.js": {"path":"/home/chrisjrh/Bootcamp/FinalProject/CinematicUniverse/server/routes/marvel.js","statementMap":{"0":{"start":{"line":1,"column":16},"end":{"line":1,"column":34}},"1":{"start":{"line":3,"column":11},"end":{"line":3,"column":34}},"2":{"start":{"line":5,"column":15},"end":{"line":5,"column":31}},"3":{"start":{"line":7,"column":0},"end":{"line":17,"column":2}},"4":{"start":{"line":8,"column":2},"end":{"line":16,"column":6}},"5":{"start":{"line":10,"column":6},"end":{"line":10,"column":35}},"6":{"start":{"line":11,"column":6},"end":{"line":11,"column":17}},"7":{"start":{"line":14,"column":6},"end":{"line":14,"column":22}},"8":{"start":{"line":15,"column":6},"end":{"line":15,"column":62}},"9":{"start":{"line":19,"column":0},"end":{"line":19,"column":23}}},"fnMap":{"0":{"name":"(anonymous_0)","decl":{"start":{"line":7,"column":16},"end":{"line":7,"column":17}},"loc":{"start":{"line":7,"column":30},"end":{"line":17,"column":1}},"line":7},"1":{"name":"(anonymous_1)","decl":{"start":{"line":9,"column":10},"end":{"line":9,"column":11}},"loc":{"start":{"line":9,"column":21},"end":{"line":12,"column":5}},"line":9},"2":{"name":"(anonymous_2)","decl":{"start":{"line":13,"column":11},"end":{"line":13,"column":12}},"loc":{"start":{"line":13,"column":18},"end":{"line":16,"column":5}},"line":13}},"branchMap":{},"s":{"0":2,"1":2,"2":2,"3":2,"4":3,"5":1,"6":1,"7":2,"8":2,"9":2},"f":{"0":3,"1":1,"2":2},"b":{},"_coverageSchema":"1a1c01bbd47fc00a2c39e90264f33305004495a9","hash":"01b00443295fc100cc726146f0dd71739e49eb0e"}
,"/home/chrisjrh/Bootcamp/FinalProject/CinematicUniverse/server/routes/movie.js": {"path":"/home/chrisjrh/Bootcamp/FinalProject/CinematicUniverse/server/routes/movie.js","statementMap":{"0":{"start":{"line":1,"column":0},"end":{"line":1,"column":26}},"1":{"start":{"line":2,"column":16},"end":{"line":2,"column":34}},"2":{"start":{"line":3,"column":16},"end":{"line":3,"column":37}},"3":{"start":{"line":5,"column":15},"end":{"line":5,"column":31}},"4":{"start":{"line":7,"column":0},"end":{"line":19,"column":2}},"5":{"start":{"line":8,"column":16},"end":{"line":8,"column":32}},"6":{"start":{"line":9,"column":15},"end":{"line":9,"column":30}},"7":{"start":{"line":10,"column":17},"end":{"line":10,"column":41}},"8":{"start":{"line":11,"column":2},"end":{"line":18,"column":6}},"9":{"start":{"line":13,"column":6},"end":{"line":13,"column":36}},"10":{"start":{"line":16,"column":6},"end":{"line":16,"column":22}},"11":{"start":{"line":17,"column":6},"end":{"line":17,"column":63}},"12":{"start":{"line":21,"column":0},"end":{"line":21,"column":23}}},"fnMap":{"0":{"name":"(anonymous_0)","decl":{"start":{"line":7,"column":28},"end":{"line":7,"column":29}},"loc":{"start":{"line":7,"column":42},"end":{"line":19,"column":1}},"line":7},"1":{"name":"(anonymous_1)","decl":{"start":{"line":12,"column":10},"end":{"line":12,"column":11}},"loc":{"start":{"line":12,"column":22},"end":{"line":14,"column":5}},"line":12},"2":{"name":"(anonymous_2)","decl":{"start":{"line":15,"column":11},"end":{"line":15,"column":12}},"loc":{"start":{"line":15,"column":20},"end":{"line":18,"column":5}},"line":15}},"branchMap":{},"s":{"0":2,"1":2,"2":2,"3":2,"4":2,"5":0,"6":0,"7":0,"8":0,"9":0,"10":0,"11":0,"12":2},"f":{"0":0,"1":0,"2":0},"b":{},"_coverageSchema":"1a1c01bbd47fc00a2c39e90264f33305004495a9","hash":"9e3163a9e7f31338ae7bfa088947e42ada9c1141"}
,"/home/chrisjrh/Bootcamp/FinalProject/CinematicUniverse/server/routes/starwars.js": {"path":"/home/chrisjrh/Bootcamp/FinalProject/CinematicUniverse/server/routes/starwars.js","statementMap":{"0":{"start":{"line":1,"column":16},"end":{"line":1,"column":34}},"1":{"start":{"line":3,"column":11},"end":{"line":3,"column":36}},"2":{"start":{"line":5,"column":15},"end":{"line":5,"column":31}},"3":{"start":{"line":7,"column":0},"end":{"line":17,"column":2}},"4":{"start":{"line":8,"column":2},"end":{"line":16,"column":6}},"5":{"start":{"line":10,"column":6},"end":{"line":10,"column":37}},"6":{"start":{"line":11,"column":6},"end":{"line":11,"column":17}},"7":{"start":{"line":14,"column":6},"end":{"line":14,"column":22}},"8":{"start":{"line":15,"column":6},"end":{"line":15,"column":62}},"9":{"start":{"line":19,"column":0},"end":{"line":19,"column":23}}},"fnMap":{"0":{"name":"(anonymous_0)","decl":{"start":{"line":7,"column":16},"end":{"line":7,"column":17}},"loc":{"start":{"line":7,"column":30},"end":{"line":17,"column":1}},"line":7},"1":{"name":"(anonymous_1)","decl":{"start":{"line":9,"column":10},"end":{"line":9,"column":11}},"loc":{"start":{"line":9,"column":21},"end":{"line":12,"column":5}},"line":9},"2":{"name":"(anonymous_2)","decl":{"start":{"line":13,"column":11},"end":{"line":13,"column":12}},"loc":{"start":{"line":13,"column":18},"end":{"line":16,"column":5}},"line":13}},"branchMap":{},"s":{"0":2,"1":2,"2":2,"3":2,"4":3,"5":1,"6":1,"7":2,"8":2,"9":2},"f":{"0":3,"1":1,"2":2},"b":{},"_coverageSchema":"1a1c01bbd47fc00a2c39e90264f33305004495a9","hash":"474c0290771b2b27362dcffc19294bd625eb3082"}
,"/home/chrisjrh/Bootcamp/FinalProject/CinematicUniverse/server/routes/users.js": {"path":"/home/chrisjrh/Bootcamp/FinalProject/CinematicUniverse/server/routes/users.js","statementMap":{"0":{"start":{"line":1,"column":16},"end":{"line":1,"column":34}},"1":{"start":{"line":2,"column":11},"end":{"line":2,"column":33}},"2":{"start":{"line":3,"column":17},"end":{"line":3,"column":39}},"3":{"start":{"line":5,"column":15},"end":{"line":5,"column":31}},"4":{"start":{"line":7,"column":0},"end":{"line":7,"column":23}},"5":{"start":{"line":9,"column":0},"end":{"line":25,"column":2}},"6":{"start":{"line":10,"column":20},"end":{"line":10,"column":28}},"7":{"start":{"line":11,"column":15},"end":{"line":14,"column":3}},"8":{"start":{"line":15,"column":2},"end":{"line":24,"column":3}},"9":{"start":{"line":16,"column":23},"end":{"line":16,"column":57}},"10":{"start":{"line":17,"column":4},"end":{"line":17,"column":46}},"11":{"start":{"line":17,"column":20},"end":{"line":17,"column":46}},"12":{"start":{"line":19,"column":4},"end":{"line":19,"column":29}},"13":{"start":{"line":20,"column":4},"end":{"line":20,"column":23}},"14":{"start":{"line":22,"column":4},"end":{"line":22,"column":22}},"15":{"start":{"line":23,"column":4},"end":{"line":23,"column":37}}},"fnMap":{"0":{"name":"(anonymous_0)","decl":{"start":{"line":9,"column":27},"end":{"line":9,"column":28}},"loc":{"start":{"line":9,"column":47},"end":{"line":25,"column":1}},"line":9}},"branchMap":{"0":{"loc":{"start":{"line":17,"column":4},"end":{"line":17,"column":46}},"type":"if","locations":[{"start":{"line":17,"column":4},"end":{"line":17,"column":46}},{"start":{"line":17,"column":4},"end":{"line":17,"column":46}}],"line":17}},"s":{"0":2,"1":2,"2":2,"3":2,"4":2,"5":2,"6":0,"7":0,"8":0,"9":0,"10":0,"11":0,"12":0,"13":0,"14":0,"15":0},"f":{"0":0},"b":{"0":[0,0]},"_coverageSchema":"1a1c01bbd47fc00a2c39e90264f33305004495a9","hash":"6bd8df8926dce817f1d9d63bacb4645b7d8166f6"}
,"/home/chrisjrh/Bootcamp/FinalProject/CinematicUniverse/server/routes/watchlist.js": {"path":"/home/chrisjrh/Bootcamp/FinalProject/CinematicUniverse/server/routes/watchlist.js","statementMap":{"0":{"start":{"line":1,"column":16},"end":{"line":1,"column":34}},"1":{"start":{"line":2,"column":11},"end":{"line":2,"column":37}},"2":{"start":{"line":3,"column":17},"end":{"line":3,"column":36}},"3":{"start":{"line":5,"column":15},"end":{"line":5,"column":31}},"4":{"start":{"line":7,"column":0},"end":{"line":7,"column":23}},"5":{"start":{"line":9,"column":0},"end":{"line":16,"column":2}},"6":{"start":{"line":10,"column":13},"end":{"line":10,"column":26}},"7":{"start":{"line":11,"column":2},"end":{"line":15,"column":31}},"8":{"start":{"line":13,"column":6},"end":{"line":13,"column":30}},"9":{"start":{"line":15,"column":16},"end":{"line":15,"column":30}},"10":{"start":{"line":18,"column":0},"end":{"line":26,"column":2}},"11":{"start":{"line":19,"column":23},"end":{"line":19,"column":31}},"12":{"start":{"line":20,"column":13},"end":{"line":20,"column":26}},"13":{"start":{"line":21,"column":2},"end":{"line":25,"column":31}},"14":{"start":{"line":23,"column":6},"end":{"line":23,"column":30}},"15":{"start":{"line":25,"column":16},"end":{"line":25,"column":30}},"16":{"start":{"line":28,"column":0},"end":{"line":36,"column":2}},"17":{"start":{"line":29,"column":25},"end":{"line":29,"column":33}},"18":{"start":{"line":30,"column":13},"end":{"line":30,"column":26}},"19":{"start":{"line":31,"column":2},"end":{"line":35,"column":31}},"20":{"start":{"line":33,"column":6},"end":{"line":33,"column":30}},"21":{"start":{"line":35,"column":16},"end":{"line":35,"column":30}}},"fnMap":{"0":{"name":"(anonymous_0)","decl":{"start":{"line":9,"column":26},"end":{"line":9,"column":27}},"loc":{"start":{"line":9,"column":40},"end":{"line":16,"column":1}},"line":9},"1":{"name":"(anonymous_1)","decl":{"start":{"line":12,"column":10},"end":{"line":12,"column":11}},"loc":{"start":{"line":12,"column":21},"end":{"line":14,"column":5}},"line":12},"2":{"name":"(anonymous_2)","decl":{"start":{"line":15,"column":11},"end":{"line":15,"column":12}},"loc":{"start":{"line":15,"column":16},"end":{"line":15,"column":30}},"line":15},"3":{"name":"(anonymous_3)","decl":{"start":{"line":18,"column":33},"end":{"line":18,"column":34}},"loc":{"start":{"line":18,"column":47},"end":{"line":26,"column":1}},"line":18},"4":{"name":"(anonymous_4)","decl":{"start":{"line":22,"column":10},"end":{"line":22,"column":11}},"loc":{"start":{"line":22,"column":21},"end":{"line":24,"column":5}},"line":22},"5":{"name":"(anonymous_5)","decl":{"start":{"line":25,"column":11},"end":{"line":25,"column":12}},"loc":{"start":{"line":25,"column":16},"end":{"line":25,"column":30}},"line":25},"6":{"name":"(anonymous_6)","decl":{"start":{"line":28,"column":35},"end":{"line":28,"column":36}},"loc":{"start":{"line":28,"column":49},"end":{"line":36,"column":1}},"line":28},"7":{"name":"(anonymous_7)","decl":{"start":{"line":32,"column":10},"end":{"line":32,"column":11}},"loc":{"start":{"line":32,"column":21},"end":{"line":34,"column":5}},"line":32},"8":{"name":"(anonymous_8)","decl":{"start":{"line":35,"column":11},"end":{"line":35,"column":12}},"loc":{"start":{"line":35,"column":16},"end":{"line":35,"column":30}},"line":35}},"branchMap":{},"s":{"0":2,"1":2,"2":2,"3":2,"4":2,"5":2,"6":0,"7":0,"8":0,"9":0,"10":2,"11":0,"12":0,"13":0,"14":0,"15":0,"16":2,"17":0,"18":0,"19":0,"20":0,"21":0},"f":{"0":0,"1":0,"2":0,"3":0,"4":0,"5":0,"6":0,"7":0,"8":0},"b":{},"_coverageSchema":"1a1c01bbd47fc00a2c39e90264f33305004495a9","hash":"70c6d2000b1197eb19ed6dd3b42a6d33ed95eeab"}
}
