TN:
SF:client/auth0.js
FN:4,cacheUser
FNF:1
FNH:0
FNDA:0,cacheUser
DA:5,0
DA:7,0
DA:8,0
DA:9,0
DA:10,0
DA:15,0
DA:17,0
LF:7
LH:0
BRDA:7,0,0,0
BRDA:7,0,1,0
BRDA:7,1,0,0
BRDA:7,1,1,0
BRF:4
BRH:0
end_of_record
TN:
SF:client/store.js
FNF:0
FNH:0
DA:5,1
DA:6,1
LF:2
LH:2
BRDA:5,0,0,1
BRDA:5,0,1,1
BRF:2
BRH:2
end_of_record
TN:
SF:client/actions/index.js
FNF:0
FNH:0
LF:0
LH:0
BRF:0
BRH:0
end_of_record
TN:
SF:client/actions/marvel.js
FN:5,setMarvel
FN:12,fetchMarvel
FN:13,(anonymous_2)
FN:15,(anonymous_3)
FNF:4
FNH:0
FNDA:0,setMarvel
FNDA:0,fetchMarvel
FNDA:0,(anonymous_2)
FNDA:0,(anonymous_3)
DA:3,2
DA:6,0
DA:13,0
DA:14,0
DA:16,0
DA:17,0
LF:6
LH:1
BRF:0
BRH:0
end_of_record
TN:
SF:client/actions/starwars.js
FN:5,setStarWars
FN:12,fetchStarWars
FN:13,(anonymous_2)
FN:15,(anonymous_3)
FNF:4
FNH:1
FNDA:0,setStarWars
FNDA:1,fetchStarWars
FNDA:0,(anonymous_2)
FNDA:0,(anonymous_3)
DA:3,3
DA:6,0
DA:13,1
DA:14,0
DA:16,0
DA:17,0
LF:6
LH:2
BRF:0
BRH:0
end_of_record
TN:
SF:client/actions/userauth.js
FN:6,setUser
FN:13,clearUser
FN:19,handleLogin
FN:20,(anonymous_3)
FNF:4
FNH:0
FNDA:0,setUser
FNDA:0,clearUser
FNDA:0,handleLogin
FNDA:0,(anonymous_3)
DA:3,2
DA:4,2
DA:7,0
DA:14,0
DA:20,0
DA:21,0
DA:22,0
DA:23,0
DA:25,0
LF:9
LH:2
BRF:0
BRH:0
end_of_record
TN:
SF:client/actions/watchlist.js
FN:7,setWatchlist
FN:14,addToWatchlist
FN:15,(anonymous_2)
FN:17,(anonymous_3)
FN:23,updateWatchlist
FN:30,fetchWatchlist
FN:32,(anonymous_6)
FN:34,(anonymous_7)
FNF:8
FNH:0
FNDA:0,setWatchlist
FNDA:0,addToWatchlist
FNDA:0,(anonymous_2)
FNDA:0,(anonymous_3)
FNDA:0,updateWatchlist
FNDA:0,fetchWatchlist
FNDA:0,(anonymous_6)
FNDA:0,(anonymous_7)
DA:3,2
DA:4,2
DA:5,2
DA:8,0
DA:15,0
DA:16,0
DA:18,0
DA:19,0
DA:24,0
DA:31,0
DA:32,0
DA:33,0
DA:35,0
DA:36,0
LF:14
LH:3
BRF:0
BRH:0
end_of_record
TN:
SF:client/apis/marvel.js
FN:5,getMarvel
FN:7,(anonymous_1)
FNF:2
FNH:0
FNDA:0,getMarvel
FNDA:0,(anonymous_1)
DA:3,2
DA:6,0
DA:8,0
LF:3
LH:1
BRF:0
BRH:0
end_of_record
TN:
SF:client/apis/movie.js
FN:5,fetchMovie
FN:7,(anonymous_1)
FNF:2
FNH:0
FNDA:0,fetchMovie
FNDA:0,(anonymous_1)
DA:3,1
DA:6,0
DA:8,0
LF:3
LH:1
BRF:0
BRH:0
end_of_record
TN:
SF:client/apis/starwars.js
FN:5,getStarWars
FN:7,(anonymous_1)
FNF:2
FNH:0
FNDA:0,getStarWars
FNDA:0,(anonymous_1)
DA:3,3
DA:6,0
DA:8,0
LF:3
LH:1
BRF:0
BRH:0
end_of_record
TN:
SF:client/apis/userauth.js
FN:4,addUser
FN:11,logError
FNF:2
FNH:0
FNDA:0,addUser
FNDA:0,logError
DA:2,2
DA:5,0
DA:12,0
DA:13,0
DA:16,0
DA:20,0
LF:6
LH:1
BRDA:12,0,0,0
BRDA:12,0,1,0
BRF:2
BRH:0
end_of_record
TN:
SF:client/apis/watchlist.js
FN:5,getWatchlist
FN:7,(anonymous_1)
FN:12,addToWatchlistApi
FN:15,(anonymous_3)
FNF:4
FNH:0
FNDA:0,getWatchlist
FNDA:0,(anonymous_1)
FNDA:0,addToWatchlistApi
FNDA:0,(anonymous_3)
DA:3,2
DA:6,0
DA:8,0
DA:13,0
DA:16,0
LF:5
LH:1
BRF:0
BRH:0
end_of_record
TN:
SF:client/components/App.jsx
FN:20,App
FN:24,(anonymous_1)
FN:27,(anonymous_2)
FN:31,(anonymous_3)
FNF:4
FNH:4
FNDA:1,App
FNDA:1,(anonymous_1)
FNDA:1,(anonymous_2)
FNDA:1,(anonymous_3)
DA:21,1
DA:22,1
DA:24,1
DA:25,1
DA:27,1
DA:28,1
DA:31,1
DA:32,1
DA:35,1
LF:9
LH:9
BRF:0
BRH:0
end_of_record
TN:
SF:client/components/Authenticated.jsx
FN:4,(anonymous_0)
FN:9,IfAuthenticated
FN:15,IfNotAuthenticated
FNF:3
FNH:0
FNDA:0,(anonymous_0)
FNDA:0,IfAuthenticated
FNDA:0,IfNotAuthenticated
DA:4,1
DA:5,0
DA:6,0
DA:10,0
DA:16,0
LF:5
LH:1
BRDA:10,0,0,0
BRDA:10,0,1,0
BRDA:16,1,0,0
BRDA:16,1,1,0
BRF:4
BRH:0
end_of_record
TN:
SF:client/components/Footer.jsx
FN:3,Footer
FNF:1
FNH:0
FNDA:0,Footer
DA:4,0
LF:1
LH:0
BRF:0
BRH:0
end_of_record
TN:
SF:client/components/Header.jsx
FN:6,Header
FN:9,handleLogOff
FN:14,handleRegister
FN:19,handleSignIn
FNF:4
FNH:0
FNDA:0,Header
FNDA:0,handleLogOff
FNDA:0,handleRegister
FNDA:0,handleSignIn
DA:7,0
DA:10,0
DA:11,0
DA:15,0
DA:16,0
DA:20,0
DA:21,0
DA:24,0
LF:8
LH:0
BRF:0
BRH:0
end_of_record
TN:
SF:client/components/Home.jsx
FN:4,Home
FNF:1
FNH:1
FNDA:1,Home
DA:5,1
LF:1
LH:1
BRF:0
BRH:0
end_of_record
TN:
SF:client/components/MarvelList.jsx
FN:5,MarvelList
FN:6,(anonymous_1)
FN:10,(anonymous_2)
FN:18,(anonymous_3)
FN:19,(anonymous_4)
FN:22,(anonymous_5)
FNF:6
FNH:0
FNDA:0,MarvelList
FNDA:0,(anonymous_1)
FNDA:0,(anonymous_2)
FNDA:0,(anonymous_3)
FNDA:0,(anonymous_4)
FNDA:0,(anonymous_5)
DA:6,0
DA:8,0
DA:10,0
DA:12,0
DA:18,0
DA:19,0
DA:23,0
LF:7
LH:0
BRDA:18,0,0,0
BRDA:18,0,1,0
BRDA:19,1,0,0
BRDA:19,1,1,0
BRF:4
BRH:0
end_of_record
TN:
SF:client/components/Movie.jsx
FN:8,Movie
FN:11,(anonymous_1)
FN:12,(anonymous_2)
FN:12,(anonymous_3)
FN:19,onClickHandler
FN:23,(anonymous_5)
FN:25,(anonymous_6)
FN:29,(anonymous_7)
FN:34,(anonymous_8)
FNF:9
FNH:0
FNDA:0,Movie
FNDA:0,(anonymous_1)
FNDA:0,(anonymous_2)
FNDA:0,(anonymous_3)
FNDA:0,onClickHandler
FNDA:0,(anonymous_5)
FNDA:0,(anonymous_6)
FNDA:0,(anonymous_7)
FNDA:0,(anonymous_8)
DA:9,0
DA:10,0
DA:11,0
DA:12,0
DA:13,0
DA:15,0
DA:16,0
DA:17,0
DA:20,0
DA:23,0
DA:24,0
DA:26,0
DA:27,0
DA:30,0
DA:34,0
DA:35,0
DA:38,0
LF:17
LH:0
BRDA:26,0,0,0
BRDA:26,0,1,0
BRDA:54,1,0,0
BRDA:54,1,1,0
BRDA:65,2,0,0
BRDA:65,2,1,0
BRDA:66,3,0,0
BRDA:66,3,1,0
BRF:8
BRH:0
end_of_record
TN:
SF:client/components/NavBar.jsx
FN:4,NavBar
FNF:1
FNH:0
FNDA:0,NavBar
DA:5,0
DA:6,0
DA:7,0
DA:9,0
LF:4
LH:0
BRDA:20,0,0,0
BRDA:20,0,1,0
BRF:2
BRH:0
end_of_record
TN:
SF:client/components/StarWarsList.jsx
FN:5,StarWarsList
FN:6,(anonymous_1)
FN:10,(anonymous_2)
FN:18,(anonymous_3)
FN:19,(anonymous_4)
FN:28,(anonymous_5)
FNF:6
FNH:0
FNDA:0,StarWarsList
FNDA:0,(anonymous_1)
FNDA:0,(anonymous_2)
FNDA:0,(anonymous_3)
FNDA:0,(anonymous_4)
FNDA:0,(anonymous_5)
DA:6,0
DA:8,0
DA:10,0
DA:12,0
DA:18,0
DA:19,0
DA:29,0
LF:7
LH:0
BRDA:18,0,0,0
BRDA:18,0,1,0
BRDA:19,1,0,0
BRDA:19,1,1,0
BRDA:21,2,0,0
BRDA:21,2,1,0
BRDA:33,3,0,0
BRDA:33,3,1,0
BRF:8
BRH:0
end_of_record
TN:
SF:client/components/WatchList.jsx
FN:4,WatchList
FN:5,(anonymous_1)
FN:6,(anonymous_2)
FN:8,(anonymous_3)
FN:13,(anonymous_4)
FN:14,(anonymous_5)
FNF:6
FNH:0
FNDA:0,WatchList
FNDA:0,(anonymous_1)
FNDA:0,(anonymous_2)
FNDA:0,(anonymous_3)
FNDA:0,(anonymous_4)
FNDA:0,(anonymous_5)
DA:5,0
DA:6,0
DA:7,0
DA:8,0
DA:9,0
DA:13,0
DA:14,0
DA:15,0
DA:16,0
DA:21,0
LF:10
LH:0
BRDA:15,0,0,0
BRDA:15,0,1,0
BRF:2
BRH:0
end_of_record
TN:
SF:client/reducers/index.js
FNF:0
FNH:0
LF:0
LH:0
BRF:0
BRH:0
end_of_record
TN:
SF:client/reducers/marvel.js
FN:5,(anonymous_0)
FNF:1
FNH:1
FNDA:3,(anonymous_0)
DA:3,1
DA:5,1
DA:6,3
DA:8,0
DA:10,3
LF:5
LH:4
BRDA:5,0,0,3
BRDA:6,1,0,0
BRDA:6,1,1,3
BRF:3
BRH:2
end_of_record
TN:
SF:client/reducers/starwars.js
FN:5,(anonymous_0)
FNF:1
FNH:1
FNDA:3,(anonymous_0)
DA:3,1
DA:5,1
DA:6,3
DA:8,0
DA:10,3
LF:5
LH:4
BRDA:5,0,0,3
BRDA:6,1,0,0
BRDA:6,1,1,3
BRF:3
BRH:2
end_of_record
TN:
SF:client/reducers/watchlist.js
FN:5,(anonymous_0)
FN:11,(anonymous_1)
FNF:2
FNH:1
FNDA:3,(anonymous_0)
FNDA:0,(anonymous_1)
DA:3,1
DA:5,1
DA:6,3
DA:8,0
DA:11,0
DA:14,0
DA:17,3
LF:7
LH:4
BRDA:5,0,0,3
BRDA:6,1,0,0
BRDA:6,1,1,0
BRDA:6,1,2,0
BRDA:6,1,3,3
BRF:5
BRH:2
end_of_record
