TN:
SF:client/actions/starwars.js
FN:5,setStarWars
FN:12,fetchStarWars
FN:13,(anonymous_2)
FN:15,(anonymous_3)
FNF:4
FNH:4
FNDA:1,setStarWars
FNDA:1,fetchStarWars
FNDA:1,(anonymous_2)
FNDA:1,(anonymous_3)
DA:3,2
DA:6,1
DA:13,1
DA:14,1
DA:16,1
DA:17,1
LF:6
LH:6
BRF:0
BRH:0
end_of_record
TN:
SF:client/apis/starwars.js
FN:5,getStarWars
FN:7,(anonymous_1)
FNF:2
FNH:2
FNDA:1,getStarWars
FNDA:1,(anonymous_1)
DA:3,3
DA:6,1
DA:8,1
LF:3
LH:3
BRF:0
BRH:0
end_of_record
TN:
SF:client/components/StarWarsList.jsx
FN:5,StarWarsList
FN:6,(anonymous_1)
FN:10,(anonymous_2)
FN:18,(anonymous_3)
FN:19,(anonymous_4)
FN:28,(anonymous_5)
FNF:6
FNH:4
FNDA:5,StarWarsList
FNDA:7,(anonymous_1)
FNDA:0,(anonymous_2)
FNDA:1,(anonymous_3)
FNDA:0,(anonymous_4)
FNDA:5,(anonymous_5)
DA:6,7
DA:8,5
DA:10,5
DA:12,5
DA:18,1
DA:19,0
DA:29,5
LF:7
LH:6
BRDA:18,0,0,5
BRDA:18,0,1,0
BRDA:19,1,0,0
BRDA:19,1,1,5
BRDA:21,2,0,5
BRDA:21,2,1,5
BRDA:33,3,0,5
BRDA:33,3,1,0
BRF:8
BRH:5
end_of_record
